['ahs', 'aah', 'aim', 'ags', 'age', 'aai', 'ahp', 'ajo', 'aep', 'acl', 'ach', 'acc', 'aby', 'adt', 'ajl', 'ain', 'aew', 'aiz', 'adq', 'ahy', 'aca', 'aao', 'acg', 'ahb', 'acb', 'agd', 'ais', 'acs', 'ahe', 'ahq', 'aga', 'ahx', 'aih', 'ajp', 'aip', 'agj', 'aak', 'abc']
['abh', 'agc', 'adb', 'ahz', 'afd', 'aiv', 'ads', 'aba', 'adi', 'abo', 'ahu', 'agy', 'aaw', 'aeg', 'aap', 'afl', 'aea', 'aab', 'aiy', 'add', 'aiq', 'adz', 'acm', 'aeu', 'abi', 'aev', 'aio', 'aax', 'acd', 'aes', 'aht', 'afo', 'afh', 'ajn', 'aiw', 'agz', 'aiu', 'aek']
['aal', 'ajh', 'abg', 'aig', 'aci', 'air', 'abd', 'aef', 'aar', 'aii', 'aaz', 'afw', 'agw', 'aau', 'adw', 'aem', 'agq', 'aeb', 'aji', 'ahh', 'afm', 'ajg', 'acf', 'aae', 'adg', 'ady', 'agp', 'abb', 'afc', 'abm', 'afp', 'abv', 'acz', 'aat', 'agm', 'aex', 'aez', 'abj']
['ahv', 'acv', 'afz', 'ahj', 'aaa', 'aac', 'aad', 'aaf', 'aag', 'aaj', 'aam', 'aan', 'aaq', 'aas', 'aav', 'aay', 'abe', 'abf', 'abk', 'abl', 'abn', 'abp', 'abq', 'abr', 'abs', 'abt', 'abu', 'abx', 'abz', 'ace', 'acj', 'acn', 'aco', 'acq', 'acr', 'act', 'acu', 'acw']
['ahg', 'abw', 'ack', 'acp', 'acx', 'acy', 'ada', 'adc', 'ade', 'adf', 'adh', 'adj', 'adk', 'adl', 'adm', 'adn', 'ado', 'adp', 'adr', 'adu', 'adv', 'adx', 'aec', 'aed', 'aee', 'aeh', 'aei', 'aej', 'ael', 'aen', 'aeo', 'aeq', 'aer', 'aet', 'aey', 'afa', 'afb', 'aff']
['afe', 'afg', 'afi', 'afj', 'afk', 'afn', 'afq', 'afs', 'aft', 'afu', 'afv', 'afx', 'afy', 'agb', 'agf', 'agg', 'agh', 'agi', 'agk', 'agl', 'agn', 'ago', 'agr', 'agt', 'agv', 'aha', 'ahc', 'ahd', 'ahf', 'ahi', 'ahk', 'ahl', 'ahn', 'aho', 'ahw', 'aia', 'aie', 'aif']
['afr', 'agu', 'ahm', 'aib', 'aic', 'aid', 'aij', 'aik', 'ail', 'ait', 'aix', 'aja', 'ajb', 'ajc', 'ajd', 'aje', 'ajf', 'ajk', 'ajm', 'ast', 'asy', 'ate', 'atc', 'amo', 'aox', 'anx', 'alz', 'akn', 'asz', 'akm', 'aol', 'any', 'ary', 'aog', 'anw', 'alq', 'ajq', 'anp']
['agx', 'ahr', 'ajj', 'aqd', 'aqf', 'ani', 'akw', 'ala', 'alo', 'ams', 'art', 'aqs', 'aos', 'aov', 'amg', 'amv', 'ane', 'ako', 'apk', 'asi', 'apj', 'asg', 'als', 'aok', 'arb', 'akj', 'amz', 'anu', 'ari', 'ark', 'apu', 'ame', 'ara', 'alg', 'asx', 'akr', 'amc', 'alu']
['aki', 'asa', 'anc', 'aof', 'aor', 'aru', 'ape', 'ald', 'alv', 'aqj', 'ard', 'aod', 'asp', 'akt', 'anv', 'aqk', 'ama', 'aqe', 'akh', 'aky', 'aqx', 'akg', 'aql', 'alj', 'aln', 'aku', 'ana', 'aoj', 'ash', 'alx', 'amd', 'ans', 'aqv', 'ajx', 'aml', 'ajt', 'arv', 'arw']
['anl', 'aon', 'akq', 'apa', 'asw', 'atb', 'akk', 'ajr', 'ajs', 'aju', 'ajv', 'ajw', 'ajy', 'ajz', 'akb', 'akc', 'akd', 'ake', 'akf', 'akl', 'akp', 'aks', 'akv', 'akx', 'alb', 'alc', 'alh', 'all', 'alm', 'alp', 'alt', 'aly', 'amb', 'amf', 'ami', 'amj', 'amk', 'amm']
['aka', 'akz', 'ale', 'alf', 'ali', 'alk', 'alr', 'alw', 'amh', 'amn', 'amp', 'amq', 'amr', 'amt', 'amu', 'amw', 'amx', 'amy', 'anb', 'and', 'anf', 'ang', 'anh', 'anj', 'ank', 'anm', 'ann', 'ano', 'anq', 'ant', 'anz', 'aoa', 'aob', 'aoe', 'aoh', 'aoi', 'aom', 'aoo']
['anr', 'aoc', 'aop', 'aoq', 'aot', 'aou', 'aow', 'aoy', 'aoz', 'apb', 'apc', 'apf', 'apg', 'aph', 'api', 'apl', 'apm', 'apn', 'apo', 'app', 'apq', 'apr', 'aps', 'apt', 'apv', 'apw', 'apx', 'apy', 'apz', 'aqa', 'aqb', 'aqc', 'aqg', 'aqi', 'aqm', 'aqn', 'aqp', 'aqr']
['apd', 'aqh', 'aqo', 'aqq', 'aqt', 'aqu', 'aqw', 'aqy', 'aqz', 'arc', 'are', 'arg', 'arh', 'arj', 'arl', 'arm', 'aro', 'arp', 'arr', 'ars', 'arx', 'arz', 'asb', 'asc', 'asd', 'ase', 'asf', 'asj', 'ask', 'asl', 'asm', 'asn', 'aso', 'asu', 'asv', 'ata', 'atf']
['arf', 'arn', 'arq', 'asq', 'asr', 'ass', 'atd']
[]
[]
[]
[]
[]
[]
[]
[]
[]
[]
[]
[]
[]
[]
[]
[]
[]
[]
[]
[]
[]
[]
[]
[]
[]
[]
[]
[]
[]
[]
[]
[]
[]
[]
[]
[]
