['78lol', '356lol', '417lol', '454lol', '465lol', '352lol', '466lol', '342lol', '184lol', '245lol', '179lol', '485lol', '220lol', '22lol', '396lol', '413lol', '145lol', '392lol', '358lol', '255lol', '337lol', '236lol', '491lol', '407lol', '141lol', '468lol', '47lol', '372lol', '446lol', '262lol', '428lol', '183lol', '278lol', '94lol', '149lol', '385lol', '464lol', '467lol', '222lol', '138lol', '263lol', '379lol', '91lol', '110lol', '60lol', '182lol', '175lol', '426lol', '364lol', '139lol', '102lol', '92lol', '99lol', '290lol', '368lol', '37lol', '430lol', '453lol', '43lol', '211lol', '251lol', '335lol', '73lol', '268lol', '420lol', '88lol', '32lol', '427lol', '269lol', '235lol', '312lol', '354lol', '387lol', '171lol', '376lol', '219lol', '424lol', '264lol', '301lol', '421lol', '20lol', '35lol', '84lol', '252lol', '64lol', '46lol', '442lol', '156lol', '153lol', '320lol', '400lol', '15lol', '316lol', '123lol', '5lol', '217lol', '241lol', '363lol', '480lol', '209lol', '238lol', '321lol', '272lol', '10lol', '399lol', '297lol', '200lol', '89lol', '203lol', '13lol', '495lol', '191lol', '6lol', '476lol', '493lol', '224lol', '103lol', '308lol', '289lol', '18lol', '52lol', '322lol', '259lol', '61lol', '318lol', '411lol', '135lol', '120lol', '395lol', '401lol', '216lol', '131lol', '181lol', '422lol', '371lol', '62lol', '425lol', '419lol', '459lol', '343lol', '406lol', '108lol', '137lol', '317lol', '9lol', '332lol', '355lol', '197lol', '403lol', '449lol', '253lol', '79lol', '452lol', '188lol', '266lol', '168lol', '497lol', '132lol', '384lol', '71lol', '281lol', '390lol', '154lol', '25lol', '306lol', '59lol', '148lol', '472lol', '393lol', '286lol', '436lol', '435lol', '85lol', '107lol', '433lol', '237lol', '174lol', '80lol', '53lol', '234lol', '185lol', '444lol', '280lol', '475lol', '340lol', '8lol', '210lol', '150lol', '341lol', '397lol', '218lol', '261lol', '285lol', '207lol', '106lol', '474lol', '326lol', '416lol', '414lol', '462lol', '329lol', '267lol', '7lol', '129lol', '373lol', '70lol', '115lol', '136lol', '471lol', '161lol', '394lol', '112lol', '492lol', '349lol', '359lol', '193lol', '225lol', '75lol', '303lol', '447lol', '23lol', '16lol', '309lol', '486lol', '415lol', '230lol', '39lol', '336lol', '226lol', '104lol', '26lol', '194lol', '21lol', '250lol', '36lol', '489lol', '490lol', '361lol', '409lol', '140lol', '314lol', '357lol', '204lol', '72lol', '0lol', '51lol', '152lol', '386lol', '228lol', '116lol', '248lol', '299lol', '50lol', '96lol', '24lol', '496lol', '74lol', '105lol', '273lol', '111lol', '157lol', '113lol', '283lol', '410lol', '369lol', '160lol', '348lol', '151lol', '58lol', '300lol', '375lol', '434lol', '117lol', '470lol', '127lol', '82lol', '66lol', '81lol', '186lol', '307lol', '221lol', '34lol', '288lol', '484lol', '265lol', '45lol', '463lol', '350lol', '346lol', '473lol', '95lol', '458lol', '215lol']
['405lol', '57lol', '205lol', '305lol', '298lol', '438lol', '164lol', '19lol', '144lol', '412lol', '362lol', '295lol', '40lol', '1lol', '324lol', '233lol', '478lol', '65lol', '338lol', '231lol', '460lol', '451lol', '246lol', '344lol', '214lol', '381lol', '398lol', '63lol', '450lol', '287lol', '41lol', '429lol', '2lol', '325lol', '437lol', '83lol', '125lol', '227lol', '196lol', '146lol', '142lol', '17lol', '440lol', '76lol', '339lol', '404lol', '323lol', '294lol', '11lol', '282lol', '276lol', '212lol', '488lol', '402lol', '100lol', '291lol', '247lol', '304lol', '56lol', '302lol', '167lol', '173lol', '232lol', '3lol', '481lol', '487lol', '90lol', '121lol', '391lol', '240lol', '98lol', '327lol', '333lol', '331lol', '189lol', '213lol', '114lol', '477lol', '201lol', '49lol', '118lol', '270lol', '177lol', '14lol', '33lol', '68lol', '443lol', '133lol', '163lol', '469lol', '143lol', '187lol', '494lol', '296lol', '482lol', '479lol', '77lol', '461lol', '69lol', '134lol', '244lol', '198lol', '243lol', '455lol', '380lol', '313lol', '169lol', '274lol', '315lol', '44lol', '109lol', '166lol', '366lol', '54lol', '353lol', '310lol', '155lol', '257lol', '365lol', '377lol', '126lol', '423lol', '159lol', '448lol', '206lol', '378lol', '223lol', '31lol', '382lol', '319lol', '93lol', '432lol', '345lol', '97lol', '311lol', '483lol', '351lol', '67lol', '172lol', '38lol', '242lol', '370lol', '162lol', '367lol', '254lol', '86lol', '101lol', '128lol', '374lol', '180lol', '347lol', '271lol', '499lol', '239lol', '12lol', '456lol', '279lol', '195lol', '441lol', '29lol', '178lol', '48lol', '389lol', '418lol', '176lol', '147lol', '439lol', '292lol', '277lol', '208lol']
['192lol', '170lol', '388lol', '87lol', '334lol', '284lol', '55lol', '199lol', '260lol', '431lol', '30lol', '27lol', '202lol', '328lol', '258lol', '165lol', '408lol', '130lol', '229lol', '457lol', '330lol', '256lol', '293lol', '158lol', '360lol', '124lol', '42lol', '445lol', '119lol', '498lol', '275lol', '190lol', '28lol']
['249lol', '122lol', '383lol']
[]
[]
[]
[]
[]
[]
[]
[]
[]
[]
[]
[]
[]
[]
[]
[]
[]
[]
[]
[]
[]
[]
[]
[]
[]
[]
[]
[]
[]
[]
[]
[]
[]
[]
[]
[]
[]
[]
[]
[]
[]
[]
[]
[]
[]
[]
[]
[]
[]
[]
[]
[]
[]
[]
[]
[]
[]
[]
[]
[]
[]
[]
[]
[]
[]
[]
[]
[]
[]
[]
[]
[]
[]
[]
[]
[]
[]
[]
[]
[]
[]
[]
[]
[]
[]
[]
[]
[]
[]
[]
[]
[]
[]
[]
[]
[]
[]
[]
[]
[]
[]
['4lol']
