['bd']
['dv', 'fv', 'ak', 'ef', 'gd', 'ar', 'dp', 'h', 'ac', 'ds']
['ei', 'gf', 'ch', 'fw', 'al', 'w', 'bp', 'dc', 'c', 'g']
['dt', 'kj', 'go', 'fh', 'cr', 'iy', 'jm', 'ff', 'bs', 'ev']
['io', 'ew', 'b', 'dy', 'co', 'fe', 'hr', 'ec', 'ho', 'du']
['bt', 'iu', 'fj', 'cw', 'gh', 'gs', 'ca', 'ea', 'ge', 'gk']
['gb']
['br', 'ee', 'jn', 'ap', 'n', 'hz', 'en', 'hq', 'cd', 'ez']
['t']
['gw', 'gg', 'hm', 'cs', 'hd', 'bf', 'eh', 'ke', 'km', 'el']
['cc', 'jk', 'jd', 'ic', 'gj', 'jl', 'ki', 'kh', 'ik', 'aq']
['cp', 'cg', 'bi', 'cz', 'dw', 'gr', 'ih', 'ai', 'dg', 'bl']
['ha']
['af', 'ie', 'ep', 'fq', 'hl', 'dn', 'ci', 'ht', 'gi', 'jy']
['im', 'ig', 'dh', 'm', 'fd', 'fg', 'de', 'ag', 'an', 'gq']
['hn', 'aj', 'fm', 'fo', 'is', 'it', 'ga', 'cu', 'et', 'bo']
['db', 'iz', 'jr', 'ck', 'bk', 'gc', 'jj', 'il', 'hw', 'bv']
['hb']
['hs', 'hx', 'jt', 'bm', 'ax', 'hk', 'jz', 'kd', 'ce', 'do']
['hp', 'iw', 'hy', 'ix', 'gn', 'ah', 'fl', 'jv', 'jh', 'iv']
['fp', 'iq', 'kn', 'ka', 'ju', 'fi', 'fb', 'dq', 'ad', 'fn']
['cb', 'bw', 'kb', 'jf', 'a', 'gt', 'js', 'eg', 'l', 'eb']
['hi', 'gp', 'fc', 'j', 'u', 'fk', 'ab', 'cq', 'je', 'z']
['bz', 'p', 'x', 'jg', 'eq', 'bq', 'fr', 'di', 'er', 'fs']
['bh', 'bb', 'o', 'jo', 'bx', 'jc', 'bc', 'fx', 'gz', 'eo']
['y']
['jb', 'ex', 'v', 'ek', 'bn', 'df', 'jp', 'av', 'e', 'in']
['ir', 'zz', 'ao', 'aw', 'i', 'kk', 'ft', 'cl', 'gy', 'he']
['dm', 'jq', 'ba', 'fa', 'ia', 's', 'f', 'da', 'cx', 'gx']
['at', 'ay', 'gm', 'dl', 'am', 'dz', 'gv', 'kf', 'cf', 'jx', 'hv', 'if', 'ii', 'k', 'em', 'cy', 'ey', 'ib', 'ed', 'az', 'dr', 'q', 'gl', 'dd', 'as', 'bg', 'hh', 'cv', 'kl', 'fy', 'r', 'ct', 'by', 'fz', 'hu', 'ij', 'bu', 'ji', 'hj', 'ja', 'au', 'hg', 'dx', 'bj', 'dj', 'cm', 'ae', 'eu', 'kc', 'hf', 'ej', 'kg', 'gu', 'dk', 'ip', 'aa', 'd', 'hc', 'cn', 'cj', 'jw', 'be', 'es', 'fu']
