['D5B', 'JWV', 'tfQ', 'tK7', 'dLc', 'BPL', 'MNb', 'H68', 'ttO', 'YFC', 'X5a', 'Kn8']
['JfN', 'VAV', 'WLk', 'xx7', '5U2', '1QY', '6ro', 'AcJ', 'yAp', 'Ns3', '6pB', 'Gu6']
['ZVF', 'X5J', 'Twl', 'wwD', 'Jgp', 'g08', 'czy', '69w', '19T', 'etm', '4p5', '0gI']
['2mv', 'PPi', 'BDE', 'tFU', 'a4K', 'x86', 'nQj', 'iGU', 'U0Z', 'iFt', 'YMC', 'oUs']
['X9s', 'lsG', 'OCL', 'klv', 'U4K', 'Jla', 'QEF', '8nm', 'Z7b', 'stN', 'xRH', 'Ihb']
['nf5', 'psG', '8uu', 'GRw', '00m', 'Ot9', 'iW8', 'VPb', 'xxJ', '0Qs', 'H9O', 'nQv']
['D40', 'ZY3', 'c3v', 'ux2', 'rC8', 'kte', 'dSZ', 'USE', 'KS2', 'YUZ', 'dNX', 'vca']
['BV4', 'Mvm', 'uZt', 'i9C', 'SmS', '4gy', '5qS', '9F9', 'kiK', 'upV', 'SV9', 'PlJ']
['B99', 'SiL', 'EJD', 'Hi0', 'ewc', 'AJT', 'HvR', 'XlR', 'iS6', 'YNK', 'Ql9', '6Ip']
['NiX', 'SFn', 'rGT', 'ZQL', 'uii', 'Swe', 'Fmb', 's6M', '1aX', 'Tn8', 'qDy', 'yLV']
['9NA', 'oPH', 'Ke0', 'Hyj', 'SMj', 'mLF', 'PQT', 'CwC', 'IJ1', 'AK4', 'e8H', '4LY']
['jEj', '4nb', 'gEp', 'F9o', 'wGp', 'UDc', 'd60', 'Hbr', 'pTi', '2UA', 'W8n', 'HkK']
['kT2', 'NXP', 'O2z', 'Pas', 'YEe', 'tKI', 'sfk', 'VZ7', 'gWT', 'euj', 'dvU', 'ptf']
['W2Z', 'FkC', 'aTI', 'Qtt', 'wqW', 'mUL', 'vJC', 'a55', 'ZNv', 'CYA', 'tm4', 'jGk']
['lKO', 'PqY', 'zfD', 'L1u', '6sH', 'TUB', '3QX', 'qmj', 'GpL', '17Q', '5jv', 'Epk']
['Hxo', 'Qa3', '1gc', '1xS', 'E2A', 'IZQ', '70K', 'cFa', '0RD', 'KGR', 'ziA', 'bDO']
['iiE', '9ug', 'J8r', 'UmG', 'xz4', 'oSw', 'bAf', 'fFE', '28R', 'rmu', 'W4L', 'nc0']
['hQH', '5Li', 'dlb', 'Eou', 'qPq', 'mcI', 'Afe', 'bA6', 'N08', 'NyP', '0oy', 'AKr']
['zEh', 'YBr', 'uQL', '1RB', 'nRH', '1uW', '5n5', 'hiF', 'I2S', 'pf5', 'FEQ', 'n99']
['u1N', '5i6', 'XHa', 'kYz', 'blA', '4Nd', 'zfK', 'VoJ', 'bLd', 'NqO', 'G2k', 'qkE']
['u9Q', 'Qti', 'JcP', 'ZFU', 'NGB', 'WLo', 'Fws', 'Y2z', 'txp', 'ZxX', '2vJ', 'oak']
['iba', 'PoH', '3kn', 'JYa', 'rgC', '0ID', '4KN', 'zgJ', 'vyM', 'MrD', 'IU6', '6Hl']
['JLF', 'btz', 'ULj', 'gfv', 's3z', 'iTo', 'xpw', 'ISX', 'HWv', 'cEk', 'jWX', 'aZv']
['Zc5', 'cDc', '8uz', 'PiG', 'e6S', 'rMd', 'rXN', 'qLD', 'mLL', 'tEu', '81k', 'Bfu']
['slQ', 'EoI', '96X', 'gVV', 'Qyh', 'Itn', 'KRy', 'uGP', 'nkl', 'FbA', 'U0P', 'zTH']
['JVP', 'h3r', 'FzE', 'uH4', 's1n', 'hYw', 'GUX', 'e8d', '4fp', 'JyM', 'Xim', 'VCH']
['PJa', 'z1H', 'b9f', 'LTB', 'QDa', 'mRG', '8j5', 'EJa', 'P8b', 'WXJ', 'aLB', 'sKX']
['h6l', 'VVW', 'DoC', 'cmd', 'wgA', 'nqI', 'fQ3', 'xLA', '8VG', 'hdp', 'KZy', '27J']
['oSh', 'XMr', 'eGG', 'v6U', 'fKV', 'mIe', 'hHB', 'hct', 'mFO', 'Wmv', '6na', 'j3s']
['tpP', 'QhQ', 'gE4', 'uVg', 'xqY', 'emD', 'mGb', 'oZQ', 'jFu', '5zB', 'b7z', 'i4H']
['UPL', 'LiP', 'kZ0', 'I2i', 'gTC', 'WB2', 'gkI', 'gEU', 'fFJ', 'CU9', 'f9z', 'AHs']
['rz4', 'MQT', 'rYU', 'x8V', 'b99', 'm5j']
[]
[]
[]
