['Barbaraanne', 'Casie', 'Catriona', 'Brandea', 'Bride', 'Alexi', 'Alexia', 'Bibbie', 'Andrea', 'Bobbee']
['Babita', 'Brandi', 'Carlynn', 'Brandise', 'Ardene', 'Bobby', 'Ashli', 'Alice', 'Brigid', 'Berty']
['Berri', 'Billi', 'Aeriel', 'Betty', 'Annelise', 'Celestine', 'Angela', 'Candra', 'Casandra', 'Alverta']
['Camella', 'Chanda', 'Carmine', 'Anni', 'Alayne', 'Catlee', 'Allix', 'Cacilia', 'Bliss', 'Carina']
['Ashlen', 'Bill', 'Bobette', 'Cherye', 'Brier', 'Anallese', 'Bryna', 'Brittaney', 'Caroljean', 'Cathrine']
['Ada', 'Billy', 'Benita', 'Carole', 'Ara', 'Ambur', 'Alejandra', 'Blanche', 'Billie', 'Charmion']
['Auroora', 'Alys', 'Avis', 'Aurelea', 'Calla', 'Arlene', 'Aubrette', 'Anjela', 'Cherilyn', 'Alicea']
['Charity', 'Alysa', 'Christal', 'Chiarra', 'Blythe', 'Bernete', 'Aaren', 'Amargo', 'Annabel', 'Alie']
['Augusta', 'Callida', 'Carlyn', 'Beverie', 'Angil', 'Cammy', 'Caren', 'Berta', 'Bernadine', 'Bamby']
['Caron', 'Binni', 'Alisun', 'Anica', 'Alanah', 'Ardeen', 'Cherrita', 'Aveline', 'Chelsy', 'Anne']
['Brigida', 'Caryl', 'Annabela', 'David', 'Bernardine', 'Charyl', 'Bess', 'Cariotta', 'Amy', 'Athena']
['Alix', 'Bobinette', 'Carena', 'Carlye', 'April', 'Ailene', 'Bert', 'Alyda', 'Bernardina', 'Belita']
['Carmelita', 'Agace', 'Carolina', 'Astrix', 'Adorne', 'Caryn', 'Brandie', 'Christel', 'Ariela', 'Barbey']
['Carrissa', 'Cami', 'Brandy', 'Cheslie', 'Christabella', 'Cody', 'Bethany', 'Bunny', 'Asia', 'Arlina']
['Austina', 'Barbabra', 'Caralie', 'Ashlie', 'Beatrice', 'Amabel', 'Cal', 'Penny', 'Annadiane', 'Abra']
['Andi', 'Christye', 'Adoree', 'Berni', 'Anabal', 'Bessy', 'Camel', 'Adelice', 'Agnola', 'Aile']
['Catlaina', 'Chiquia', 'Almeda', 'Catharine', 'Andree', 'Bellanca', 'Adelheid', 'Caril', 'Addi', 'Babbie']
['Aurore', 'Ali', 'Audy', 'Cassondra', 'Athene', 'Chelsey', 'Alexandrina', 'Cammi', 'Anabelle', 'Agatha']
['Aimil', 'Candis', 'Christyna', 'Charlot', 'Angie', 'Aubine', 'Babs', 'Bobbie', 'Alikee', 'Annabelle']
['Bobbye', 'Amanda', 'Babbette', 'Allissa', 'Ardella', 'Ardra', 'Cesya', 'Carmel', 'Caro', 'Carlee']
['Abby', 'Cherise', 'Benetta', 'Angelina', 'Betteann', 'Arliene', 'Barbra', 'Celie', 'Analiese', 'Calli']
['Angel', 'Aili', 'Cele', 'Anet', 'Antoinette', 'Bettine', 'Alvira', 'Carri', 'Alissa', 'Allegra']
['Celestyn', 'Charin', 'Betti', 'Anthiathia', 'Blancha', 'Anastassia', 'Cassy', 'Belva', 'Babette', 'Aliza']
['Catie', 'Babara', 'Christan', 'Bonnee', 'Calida', 'Carolyn', 'Bridgette', 'Bunni', 'Blinnie', 'Arlie']
['Berna', 'Bertine', 'Catherine', 'Anatola', 'Anastasia', 'Charleen', 'Andriana', 'Annamaria', 'Bren']
['Annora']
