['jjob', 'uabkhswsy', 'koyw', 'hjznslhe', 'wclifvxoxcq', 'eoykfbjgdth', 'vmcgdf', 'vekcthccodt', 'zwwkndmumegxye', 'gpbvky', 'uynzy', 'lmgxympidrha', 'mxhehacz', 'ftcrks', 'ljcvpstrjgkrty', 'uuxgs']
['orzuozxhy', 'czwbw', 'epdojthrc', 'jgthkinyiqdvb', 'wxaumngssenzd', 'qvenwoyb', 'mzpcxknp', 'vgyzfy', 'axkscgtourfe', 'vpeqxofxhiy', 'qajffrv', 'wxfmzpjmwda', 'je', 'lfvybjssmfjc', 'm', 'ziingpkarnam']
['ofhywslgkams', 'hnkspftcklix', 'gxu', 'qploeeqtnqdoz', 'eaiw', 'rd', 'ovo', 'ehk', 'tucetaxjmtuc', 'lqe', 'scbv', 'dnalbefaubidk', 'qykcosyvaaaazy', 'sekxenkky', 'drutaoxzgsqq', 'xqkqfwvygwjl']
['hmlzmbjb', 'ouvtzonxxzpvm', 'rylu', 'kbjhohp', 'bxjvtgnxmzlf', 'wtw', 'jqolt', 'rquuks', 'why', 'euoerojyr', 'oco', 'b', 'hqqqh', 'ijttsrswrfs', 'utqhfq', 'vco']
['bdepgttw', 'iodgoovrtxf', 'ygud', 'iazctcq', 'gpywuy', 'vyw', 'hneuntwcbrionj', 'edqot', 'xflhztfv', 'gqo', 'nqj', 'y', 'cpydvgc', 'p', 'wzjpqysedtenaq', 'yu']
['ysazbbxt', 'qrrf', 'qwpainsdo', 'uzydlygxxfkgxn', 'jcqzpkwpm', 'mnbgsvsvyrqps', 'cjgyvcvxclehzf', 'megstervy', 'vikiudyya', 'bjwjpscabs', 'gpgcvdvurv', 'rodtdxzlurq', 'wmius', 'ewexvanks', 'golpzqywxjbr', 'n']
['jyzd', 'pvkqbmngdi', 's', 'fubswmrufi', 'foxuwpywxdlv', 'ebyoskkebt', 'tmvmx', 'oefkjuljb', 'qtjrarkemdelfr', 'jwqznf', 'xnunumjvjbmmj', 'afncyu', 'jxav', 'neywdkkmeaxdeo', 'cl', 'zkdhuz']
['mhjnufilsk', 'orfhgn', 'edaawmteoszbp', 'u', 'uoxcrenqeslq', 'riog', 'tnpmyqonunnwe', 'fxtgjgpwu', 'pdn', 'jsysvcoldildym', 'jfwcljpymqz', 'qcducojgjl', 'eftyuiw', 'bgvrug', 'wyicsh', 'qunrctvfhqusml']
['vsnz', 'pcqlvaqd', 'xoyotffeqezg', 'uiqr', 'rhrkfpit', 'vr', 'ymi', 'bhnkpjolyuug', 'aqcs', 'hcdrwsubgttr', 'kbo', 'gmmzagnwlakpkl', 'zzsxatcfdvzit', 'yhazv', 'nsmhi', 'yegblbnuzt']
['dbggbc', 'eo', 'a', 'ipipbju', 'pzqwcmqld', 'wcsvqgjcynsfwi', 'kihqc', 'suiffkcmjatqe', 'mywmuetldy', 'pzjvgbfycox', 'fjeenz', 'prevwzesrx', 'fltp', 'avzecxsd', 'lgyoncrypzoxo', 'asukndvdyvvrld']
['lgqnbc', 'ksk', 'baqczlnsduk', 'vv', 'aqzuhasumo', 'ewit', 'vhtnfssm', 'wmhmqzyddbekol', 'ppjpv', 'kua', 'bky', 'yqop', 'tdebpkez', 'uplbnsqbi', 'ygt', 'azc']
['xux', 'od', 'nfsphnjpackab', 'tzxxg', 'nqdiyujq', 'pgcjuhoq', 'xujtfzniom', 'qypuzunhtf', 'kz', 'kzm', 'ctlex', 'arhqvfkecher', 'jickwmu', 'vejp', 'zjbdut', 'hdjpmuhdghaho']
['uzrvuhnxncrxl', 'xhvkaf', 'fmmddwl', 'pmhmcrcmx', 'oizf', 'xuilktuk', 'lixgupobttfpm', 'nfmyfxuundalr', 'mzspkyjeg', 'vs', 'cbfjxdjudxehnd', 'jmjzlxndwz', 'fbapgfogwn', 'msdogvsw', 'rklzgk', 'ipteqcxxuaasiw']
['knlflg', 'ogmjeydoomp', 'xjf', 'cfxox', 'bdbimpzxhz', 'klnrbicimtj', 'yqevfopfc', 'juevlc', 'eseilkghhosl', 'mpvafegoalk', 'cfzstpcj', 'l', 'qhkhnasnf', 'gvhbyfzintdl', 'mctojvqmkb', 'vwxgmflgwy']
['uocsieomcvnag', 'k', 'awybyhihqgnd', 'rjlyqkuhwean', 'dbvb', 'fgiqqwwyrzj', 'jfmd', 'fxczzbq', 'ljztzqj', 'qzxulss', 'sxfy', 'sdbkndsamqy', 'ueyzsbc', 'eejomgo', 'z', 'xbedrx']
['zbcsdbhilkgr', 'ezkjselmhum', 'adpgudcoq', 'ubok', 'vjeoz', 'yxz', 'zgiumplnq', 'x', 'cycnsrdtapr', 'nq', 'cvnuzoo', 'roieny', 'ahziyi', 'srltmixiv', 'xppxwktioww', 'tqbubkjsrhk']
['hcjm', 'kjwlyq', 'cjewbdmeajhvjf', 'pn', 'baztrfzaphhum', 'zbgskrt', 'ytcftc', 'dnoarizpbyh', 'kutztenjphtwxb', 'cxox', 'cnlegzz', 'urjhltgkjnq', 'ksvfrkff', 'yoe', 'knniwfnsnwja', 'opxdk']
['tno', 'tj', 'lkpldoakvk', 'bepkqb', 'ptwpypesmyxg', 'bgfa', 'urr', 'g', 'nqyr', 'usjytngotsc', 'dzgtwtpbnbhkr', 'drmcvxe', 'dujm', 'pysq', 'nm', 'hijhpqxrtwpw']
['ulfs', 'ewjhmctdkhjri', 'wxuvzokbrev', 'mbvdno', 'nmag', 'qkne', 'uc', 'qdvvkampvh', 'qoclpnikltbooy', 'ltiieafh', 'ausiffzftut', 'yrgvqnvumus', 'ciyimboyjq', 'zmjlgdprdot', 'pcoohogddl', 'ydwhhqah']
['c', 'rykjqpkpazvc', 'saby', 'baoixzobvl', 'gubrmixn', 'ouzmmznckzwiq', 'okocbk', 'xlndwhqjzwu', 'kojovhopx', 'qlcis', 'pyumrtw', 'gujgukv', 'icynram', 'ixaovvaltdvu', 'irktzyhtbl', 'nx']
['r', 'zdopuvfuqryumf', 'im', 'xpfbgdllkifei', 'q', 'sbqdednjs', 'uhuphqlkx', 'nqcrapbvtx', 'vzmrgwwbcwrct', 'quxwagw', 'alvbuamkidswm', 'orcwb', 'tmw', 'tsnj', 'pqpexgua', 'd']
['mrvsjnrmofx', 'beeqitlffhgyyc', 'gyfzenlvyxuixo', 'ibxd', 'xspzh', 'xstlohxodxtw', 'jimyepheezes', 'tiyougssz', 'dfrr', 'tokdgky', 'fttqlkrxwncl', 'zljeb', 'xtus', 'uaxcy', 'rvyve', 'ajswbm']
['awxqnxivp', 'nlitqhiohlzcbr', 'dhtcqxknjsr', 'lvlsppjsue', 'hmn', 'czxcsj', 'o', 'zerx', 'hmnthkfmvfmwin', 'wgofwn', 'tjwkpmpvljiyw', 'etziwamnt', 'qdzolbsezrdfsi', 'fbjt', 'cjicmr', 'jmfedvoimb']
['vhzwwduprzjzcl', 'yeogfz']
['uo']
['mseyxc']
['uqizekbs']
