['365', '443', '416', '344', '224', '114', '66', '234', '45', '93', '456', '230', '27', '333', '368', '239', '338', '215', '204', '252', '417', '274', '460', '61', '158', '202', '487', '23', '472', '104', '122', '4', '211', '398', '49', '136', '436', '226', '46', '442', '478', '8', '102', '286', '357', '431', '62', '242', '322', '280', '440', '105', '235', '28', '35', '378', '317', '469', '156', '390', '284', '236', '386', '304', '373', '346', '68', '266', '477', '399', '208', '316', '360', '437', '379', '172', '269', '394', '495', '195', '271', '55', '51', '127', '25', '391', '219', '6', '412', '290', '238', '184', '435', '201', '9', '53', '137', '210', '152', '3', '220', '143', '325', '358', '267', '423', '419', '89', '486', '309', '111', '203', '497', '326', '37', '334', '421', '355', '41', '13', '113', '382', '300', '313', '375', '233', '249', '314', '401', '94', '463', '72', '44', '71', '409', '485', '447', '199', '425', '471', '118', '134', '22', '311', '59', '79', '133', '209', '454', '327', '445', '139', '361', '21', '402', '227', '251', '466', '181', '349', '160', '475', '491', '479', '36', '351', '32', '124', '182', '243', '190', '450', '78', '356', '26', '63', '173', '56', '57', '324', '2', '264', '117', '129', '348', '101', '47', '424', '231', '212', '273', '261', '168', '434', '75', '414', '54', '206', '458', '10', '244', '148', '250', '321', '438', '138', '228', '150', '255', '332', '415', '103', '159', '225', '130', '125', '473', '312', '179', '106', '297', '385', '146', '142', '299', '81', '164', '194', '298', '287', '329', '197', '180', '191', '0', '52', '315', '205']
['376', '74', '482', '259', '48', '339', '149', '467', '483', '5', '323', '153', '306', '216', '302', '170', '253', '342', '96', '278', '88', '121', '441', '119', '123', '470', '295', '217', '187', '337', '157', '451', '177', '307', '162', '384', '98', '120', '318', '492', '380', '165', '131', '308', '70', '241', '69', '265', '110', '14', '17', '263', '42', '245', '240', '276', '427', '489', '372', '354', '95', '18', '80', '64', '413', '268', '232', '359', '100', '258', '76', '488', '422', '214', '20', '116', '246', '484', '310', '147', '262', '40', '383', '281', '141', '12', '336', '303', '229', '128', '207', '493', '222', '461', '86', '167', '319', '19', '257', '163', '67', '237', '320', '99', '363', '115', '331', '39', '429', '192', '410', '33', '396', '446', '448', '154', '305', '186', '161', '198', '188', '341', '277', '499', '457', '294', '490', '480', '444', '430', '405', '370', '247', '381', '397', '175', '145', '15', '108', '393', '328', '449', '366', '260', '330', '169', '77']
['289', '387', '279', '392', '347', '462', '82', '498', '29', '223', '468', '404', '189', '107', '411', '432', '84', '58', '464', '340', '11', '408', '183', '406', '171', '34', '275', '455', '293', '248', '285', '90', '176', '465', '481', '364', '296', '335', '38', '374', '218', '459', '7', '389', '367', '362', '31', '428', '185', '109', '371', '166', '353', '43', '221', '92', '193', '16', '1', '135', '282', '200', '132', '155', '291', '60', '272', '97', '496', '420', '426', '352', '151', '400', '476', '403', '24', '452', '288', '140', '73', '178']
['453', '301', '50', '343', '256', '292', '369', '433', '30', '91', '254', '395', '65', '270', '350', '474', '196', '144', '407', '283', '494', '83', '126']
['345', '112', '85', '174', '388', '213', '418', '87', '439', '377']
[]
[]
[]
[]
[]
[]
[]
[]
[]
[]
[]
[]
[]
[]
[]
[]
[]
[]
[]
[]
[]
[]
[]
[]
[]
[]
[]
[]
[]
[]
[]
[]
[]
[]
[]
[]
[]
[]
[]
[]
[]
[]
[]
[]
[]
[]
[]
[]
[]
[]
[]
[]
[]
[]
[]
[]
[]
[]
[]
[]
[]
[]
[]
[]
[]
[]
[]
[]
[]
[]
[]
[]
[]
[]
[]
[]
[]
[]
[]
[]
[]
[]
[]
[]
[]
[]
[]
[]
[]
[]
[]
[]
[]
[]
