['349', '0', '3', '7', '8', '11', '13', '14', '15', '20', '21', '23', '24', '28', '29', '32', '35', '36', '39', '41', '42', '43', '46', '48', '49', '51', '52', '55', '56', '57', '60', '62', '64', '65', '67', '69', '70', '71', '74', '76', '77', '78', '81', '83', '85', '86', '88', '90', '91', '93', '94', '97', '98', '100', '101', '104', '105', '106', '109', '112', '113', '118', '119', '120', '125', '126', '127', '132', '133', '135', '136']
['496', '4', '9', '10', '16', '17', '25', '26', '30', '31', '37', '38', '45', '53', '58', '59', '66', '72', '73', '79', '80', '87', '95', '96', '102', '103', '107', '108', '114', '115', '121', '122', '128', '129', '137', '138', '139', '140', '141', '144', '146', '147', '149', '150', '153', '154', '155', '160', '161', '162', '167', '168', '169', '172', '174', '175', '176', '179', '181', '182', '183', '186', '188', '189', '190', '195', '196', '197', '200', '202', '205']
['430', '12', '19', '33', '40', '47', '61', '75', '82', '89', '110', '117', '124', '131', '142', '145', '151', '156', '157', '163', '164', '170', '171', '177', '178', '184', '185', '191', '192', '198', '199', '206', '207', '209', '211', '214', '216', '217', '218', '221', '223', '224', '225', '228', '230', '231', '232', '235', '237', '238', '239', '242', '244', '245', '246', '249', '251', '253', '256', '258', '259', '260', '265', '266', '267', '270', '272', '273', '274', '277', '279']
['68', '166', '201', '213', '220', '227', '233', '234', '240', '241', '247', '248', '255', '261', '262', '268', '269', '275', '276', '280', '281', '284', '287', '288', '291', '293', '294', '295', '298', '300', '301', '302', '305', '309', '310', '312', '314', '315', '316', '319', '321', '322', '323', '326', '328', '330', '331', '333', '335', '336', '337', '340', '343', '344', '347', '350', '351', '354', '356', '357', '358', '361', '363', '364', '365', '368', '370', '371', '372', '375', '377']
['390', '215', '222', '229', '236', '243', '250', '257', '264', '278', '282', '283', '289', '290', '296', '299', '303', '306', '313', '317', '318', '324', '325', '332', '338', '341', '345', '348', '352', '353', '359', '360', '367', '373', '374', '378', '379', '382', '384', '385', '387', '389', '392', '394', '395', '398', '399', '401', '402', '406', '407', '410', '412', '413', '415', '416', '419', '421', '422', '424', '427', '428', '431', '433', '434', '435', '438', '441', '443', '444', '447']
['2', '285', '292', '320', '327', '334', '355', '362', '376', '380', '381', '386', '391', '396', '397', '403', '404', '408', '409', '417', '418', '423', '429', '432', '436', '437', '445', '448', '449', '452', '456', '457', '459', '461', '462', '463', '466', '468', '469', '470', '473', '475', '476', '477', '480', '483', '484', '487', '489', '490', '491', '494']
['92', '383', '388', '411', '425', '439', '450', '451', '458', '464', '467', '471', '472', '478', '479', '485', '488', '492', '493']
['18', '460', '474', '481', '495']
['263']
['63']
['1']
['27']
['219']
['307']
['22']
['134']
['252']
['187']
['165']
['400']
['5']
['342']
['446']
['286']
['271']
['304']
['455']
['210']
['426']
['482']
['54']
['130']
['465']
['123']
['180']
['308']
['366']
['208']
['99']
['486']
['442']
['34']
['148']
['44']
['193']
['84']
['159']
['454']
['226']
['50']
['194']
['212']
['116']
['414']
['405']
['420']
['369']
['440']
['6']
['346']
['254']
['203']
['297']
['393']
['152']
['339']
['204']
['143']
['158']
['329']
['311']
['453']
['173']
['111']
