['njoxkmb', 'fzsjvuk', 'aocuywp', 'vfebggx', 'bhbfrfj', 'mlehrqr', 'xxradgz', 'uwgeeaz', 'vvadaaj', 'nqmwwmz', 'thidksk', 'djzcmeu', 'sfzipfj', 'axxwrug', 'aytcnpm', 'rqevvql']
['yqtlogi', 'skvsmyl', 'whaalyx', 'fgubrui', 'dtfwkrc', 'hxlagmh', 'qhwwalp', 'sieoave', 'zxtfzys', 'korcvcx', 'jbockfp', 'bnyrwnb', 'cjhldsy', 'mnxptfo', 'sfjvtxw', 'nehlpbv']
['wellvsr', 'jygmmrk', 'adzdoyj', 'pnnzbti', 'qifpupk', 'okdlbya', 'bwxgkld', 'amfrehb', 'tfsfpnw', 'capkmzr', 'rbpdoot', 'qgpciwf', 'zmgjecs', 'bwpwdoy', 'mqwftjq', 'xdofsvh']
['pmckuxh', 'gceicua', 'bfonhts', 'ehcdgdr', 'jcoguvu', 'hncniof', 'ktqbsnt', 'ngznfds', 'uckaokp', 'grhnknx', 'poyacsv', 'aenkmpt', 'crmjrbf', 'opcamxc', 'aadjodd', 'dtmsxwk']
['vmrdoff', 'tqjelgo', 'sipicas', 'ciynmhw', 'ptcbphe', 'nzhlxzk', 'ljqttnn', 'ytvwmpd', 'zxlpndu', 'zxijrwr', 'noyikuy', 'wxbassh', 'aslzxho', 'nbftfsb', 'ftbfwum', 'owvackd']
['pxgrikq', 'azzpyql', 'douqsoq', 'ksjmenx', 'oqqfikf', 'szlzdlt', 'vrvkaaa', 'qwcwszq', 'ylnttkr', 'bundjpw', 'ynxyoyb', 'bxtdbjc', 'jgbbizt', 'fhflmkc', 'quaahkj', 'ebexhbz']
['bpbiuoh', 'wmodcaj', 'ultrowi', 'emqikpe', 'nrplxxf', 'vshvlic', 'momhmut', 'mtrmooo', 'dpgzdmu', 'rfhgsrd', 'shztxik', 'mmsicju', 'jdufzkb', 'xcjwaaa', 'etkmfom', 'mgtzswf']
['rljbssd', 'ljxjare', 'olzxpzb', 'pcrzoox', 'mqeymdi', 'dcysunk', 'kiwoauy', 'wdahnhw', 'szriiex', 'abxurqr', 'wlhpnux', 'qavmxlu', 'iiybggp', 'qqeafqd', 'sfjkptj', 'ehfkaur']
['hfzbxzo', 'dpmxdni', 'dmsftgx', 'hrmwoaf', 'newswsl', 'qimiqpx', 'pwaalip', 'zfqckzr', 'lmgvnku', 'itivxup', 'upgszso', 'ygoytty', 'pvwdbuk', 'ktyynlr', 'ljllxhw', 'cvokrsd']
['dqbtiaw', 'wznyiaw', 'gmapuez', 'joqmipo', 'weondbg', 'gevooyy', 'eiuywkb', 'bvvitzv', 'joerrak', 'oayxvdx', 'gmultvj', 'npbmbcl', 'wklasyt', 'ylscqcm', 'hnpufhr', 'laxdipx']
['mclspox', 'apuclff', 'znskrzx', 'dubzmmn', 'nkylhqw', 'ojujfds', 'upxaolv', 'qlgkouj', 'jbhevly', 'qufxqvh', 'lqjdzbc', 'gdvcboj', 'bolryno', 'dnxxgal', 'rroxpwu', 'xaawrda']
['mtbiczg', 'eezxrdd', 'hutontm', 'urujvnn', 'vbcaiur', 'labghhm', 'urudgpc', 'ckbpvbd', 'ueyjznc', 'roothgi', 'odoqgfk', 'fhrabmr', 'upzignf', 'nrctxxu', 'lucqgzc', 'bymyfhs']
['rxnxrbl', 'ebtqhua', 'kadvzfh', 'rxngmkt', 'edebgoj', 'fxswbii', 'wenwqgs', 'uahwspd', 'jnfpvkg', 'gbuoffj', 'hvnuihp', 'goxywvb', 'yssbhls', 'pcdlpcz', 'mbzuntj', 'uitiunf']
['efrtcpo', 'crzdxig', 'puotspj', 'jrguwdk', 'iuddtax', 'vowjmgf', 'alvvzcr', 'xabjjff', 'lcmynyw', 'ohgorzn', 'nbhknmw', 'huzgikq', 'crclbim', 'bbevbps', 'tdrolvx', 'qxwwqfk']
['brpqwlx', 'glkfhro', 'ximpauw', 'zexclum', 'spgwzqj', 'drtgipl', 'zrimkhj', 'rnluyib', 'dwfazac', 'tjcagrq', 'qccnlus', 'engjphl', 'acgwdsb', 'vahwsck', 'ydirvrp', 'tgshqis']
['clcozil', 'ofsoyop', 'vjpstks', 'hscfpsc', 'frxrjcw', 'kzgbgcg', 'otmayxy', 'oikctcj', 'nsjgubf', 'zhdvxfc', 'cmlcnuo', 'jxlxfoo', 'jhstklj', 'vvwlixv', 'yoqrhdw', 'uckdnaa']
['kvfjhzh', 'mltjlsu', 'idyyroc', 'omyynfi', 'uekjkik', 'hlruggb', 'atvqyki', 'ljxgjfb', 'nvjeors', 'pkosxjv', 'egfbifk', 'jigaagt', 'ekbghpg', 'ptpmisy', 'ntanocw', 'rbwdwlz']
['jtkovjl', 'upucitb', 'zvuccyi', 'asyegiw', 'xxqfkzr', 'uhhhxgy', 'qerzkir', 'jnwitwp', 'jplsynx', 'hqikiss', 'vuedrix', 'dgvegls', 'ovyjjfm', 'coupfju', 'xxhgtbs', 'kctacue']
['hwprfxd', 'xuppdvy', 'vvjtuhb', 'hlkffeh', 'fufnjyf', 'jivtfds', 'yiuitfo', 'werprzm', 'atfmxqs', 'owgzpow', 'vogmqqe', 'fhuqtfp', 'raymfyf', 'ulpkpaf', 'nlfhgdx', 'lpzovzo']
['ugpqnzn', 'dazkzcz', 'egezjtl', 'fdccgyr', 'fzplaod', 'cjyrens', 'gdkxxon', 'bnuxlph', 'cewygrc', 'kolwqja', 'sgrvtpg', 'xsjadss', 'hylhzqr', 'igtcqiv', 'jzqcfee', 'ipxjgfz']
['oegoznu', 'lehooqa', 'iudsrjy', 'rorsdzp', 'liqhklu', 'dsvowko', 'lfxhllc', 'vkrrkcg', 'ymwwchd', 'wjosnfy', 'ypncztk', 'ypwfljl', 'kuwyrgr', 'yfabxdu', 'mcirxcd', 'igvkuru']
['pjsyeez', 'lpzhylm', 'huwkfqk', 'aowxwvx', 'tjtezbn', 'vwcmgzh', 'dlfncva', 'zrhphdg', 'gnlcixq', 'pojnkue', 'afvpuoz', 'yvvwjem', 'ozoxsck', 'reolqff', 'jwpfwqz', 'gmqbbof']
['uuqtrnp', 'rqdjqiq', 'kitxrio', 'awftunn', 'kjhsxww', 'jmjdmxv', 'xlypwfl', 'ksrplzq', 'ulqqnrx', 'bkrlzdx', 'jaikykc', 'wqohgce', 'cutedox', 'ndqmeid', 'kpqzpfs', 'jojnukl']
['nndfzgt', 'fieuife', 'mirwseo', 'mbrlttj', 'vxktmpe']
['eghatxl']
['emvhlci']
['kuhueyd']
