['Brooke', 'Andrea', 'Jordan', 'Amber', 'Michelle', 'Mary', 'Sierra', 'Katelyn', 'Danielle', 'Vanessa']
['Gabrielle', 'Erin', 'Jenna', 'Caroline', 'Madeline', 'Jacqueline', 'Courtney', 'Kimberly', 'Brittany', 'Sara']
['Christina', 'Trinity', 'Faith', 'Bailey', 'Melissa', 'Makayla', 'Shelby', 'Caitlin', 'Kaylee', 'Zoe']
['Paige', 'Marissa', 'Laura', 'Catherine', 'Jada', 'Breanna', 'Briana', 'Mariah', 'Autumn', 'Angela']
['Mia', 'Molly', 'Claire', 'Alexandria', 'Isabel', 'Kathryn', 'Leslie', 'Kelsey', 'Sabrina', 'Leah']
['Alexa', 'Katie', 'Gabriella', 'Erica', 'Cassandra', 'Lindsey', 'Kylie', 'Cheyenne', 'Diana', 'Tiffany']
['Amy', 'Audrey', 'Cassidy', 'Maya', 'Kelly', 'Miranda', 'Margaret', 'Melanie', 'Ariana', 'Angel']
['Mikayla', 'Heather', 'Jade', 'Jillian', 'Jocelyn', 'Gabriela', 'Caitlyn', 'Alicia', 'Erika', 'Lily']
['Adriana', 'Lillian', 'Kiara', 'Riley', 'Mckenzie', 'Crystal', 'Arianna', 'Skylar', 'Madelyn', 'Summer']
['Meghan', 'Kennedy', 'Britney', 'Kristen', 'Ana', 'Daisy', 'Veronica', 'Isabelle', 'Angelica', 'Chelsea']
['Jamie', 'Evelyn', 'Brittney', 'Hayley', 'Bethany', 'Lydia', 'Shannon', 'Karen', 'Hope', 'Daniela']
['Michaela', 'Diamond', 'Angelina', 'Payton', 'Alexia', 'Karina', 'Sofia', 'Kaitlin', 'Sophie', 'Cynthia']
['Rebekah', 'Monica', 'Brenda', 'Valerie', 'Carly', 'Alejandra', 'Mya', 'Bianca', 'Hanna', 'Naomi']
['Peyton', 'Camryn', 'Lindsay', 'Avery', 'Ashlyn', 'Brooklyn', 'Ava', 'Alondra', 'Desiree', 'Ariel']
['Esmeralda', 'Kendra', 'Kara', 'Kendall', 'Julie', 'Holly', 'Jasmin', 'Selena', 'Jordyn', 'Abby']
['Mckenna', 'Karla', 'Kyra', 'Amaya', 'Claudia', 'Makenzie', 'Maggie', 'Kathleen', 'Cameron', 'Kylee']
['Adrianna', 'Amelia', 'Savanna', 'Casey', 'Mallory', 'April', 'Serena', 'Delaney', 'Giselle', 'Aubrey']
['Aaliyah', 'Lauryn', 'Raven', 'Christine', 'Nina', 'Natalia', 'Kristina', 'Kate', 'Asia', 'Valeria']
['Katelynn', 'Kyla', 'Nancy', 'Macy', 'Cierra', 'Rachael', 'Patricia', 'Jazmin', 'Elena', 'Fatima']
['Alison', 'Gianna', 'Joanna', 'Katrina', 'Allyson', 'Tara', 'Gracie', 'Juliana', 'Sadie', 'Jazmine']
['Tatiana', 'Alana', 'Guadalupe', 'Julianna', 'Genesis', 'Elise', 'Kirsten', 'Alexus', 'Skyler', 'Jayla']
['Yesenia', 'Nadia', 'Sandra', 'Haylee', 'Ella', 'Dominique', 'Ruby', 'Cindy', 'Sidney', 'Tori']
['Jaqueline', 'Whitney', 'Priscilla', 'Tessa', 'Camille', 'Bridget', 'Celeste', 'Carmen', 'Vivian', 'Kassandra']
['Carolina', 'Mercedes', 'Natasha', 'Makenna', 'Ciara', 'Miriam', 'Cecilia', 'Alissa', 'Kiana', 'Madeleine']
['Charlotte', 'Kira', 'Rylee', 'Meredith', 'Shania', 'Eva', 'Josephine', 'Reagan', 'Dakota', 'Kristin']
['Aliyah', 'Anne', 'Rose', 'Lisa', 'Imani', 'Kailey', 'Liliana', 'Marisa', 'Deanna', 'Hallie']
['Alaina', 'Dana', 'Kassidy', 'Nia', 'Brenna', 'Ashlee', 'Carolyn', 'Anastasia', 'Shayla', 'Clarissa']
['Annie', 'Tabitha', 'Paola', 'Logan', 'Gillian', 'Wendy', 'Callie', 'Addison', 'Lucy', 'Rosa']
['Deja', 'Bryanna', 'Katlyn', 'Mariana', 'Denise', 'Emilee', 'Destinee', 'Georgia', 'Esther', 'Kamryn']
['Josie', 'Heaven', 'Teresa', 'Ruth', 'Krystal', 'Cristina', 'Monique', 'Raquel', 'Ashleigh', 'Baylee']
['Cassie', 'Marina', 'Clara', 'Tiana', 'Heidi', 'Helen', 'Meagan', 'Ivy', 'Ashton', 'Gloria']
['Kayleigh', 'Jenny', 'Anahi', 'Ellie', 'Jacquelyn', 'Daniella', 'Linda', 'Gina', 'Renee', 'Lizbeth']
['Eleanor', 'Julissa', 'Kaitlynn', 'Gisselle', 'Marie', 'Haleigh', 'Martha', 'Lacey', 'Virginia', 'Tiara']
['Cheyanne', 'Madalyn', 'Kierra', 'Jaden', 'Eliza', 'Talia', 'Harley', 'Kaylie', 'Hailee', 'Mikaela']
['Marisol', 'Kasey', 'India', 'Brandi', 'Allie', 'Cara', 'Viviana', 'Elisabeth', 'Lesly', 'Litzy']
['Ashlynn', 'Tatyana', 'Jessie', 'Francesca', 'Alisha', 'Melody', 'Brandy', 'Hunter', 'Carla', 'Noelle']
['Zoey', 'Layla', 'Janet', 'Carissa', 'Kaleigh', 'Carley', 'Tyler', 'Iris', 'Krista', 'Tamia']
['Tia', 'Yasmin', 'Yasmine', 'Tatum', 'Tamara', 'Susan', 'Theresa', 'Alice', 'Abbey', 'Sharon']
['Mckayla', 'Kali', 'Lilly', 'Lesley', 'Serenity', 'Karissa', 'Ayanna', 'Jane', 'Alayna', 'Precious']
['Bailee', 'Lexi', 'Halle', 'Jayda', 'Phoebe', 'Annika', 'Maddison', 'Kiera', 'Kelsie', 'Kiersten']
['Ellen', 'Kiley', 'Kaylin', 'Colleen', 'Felicity', 'Taryn', 'Jaclyn', 'Tyra', 'Rhiannon', 'Tania']
['Madisyn', 'Annabelle', 'Pamela', 'Charity', 'Joy', 'Alyson', 'Fiona', 'Alina', 'Emely', 'Kaila']
['Justine', 'Paris', 'Madyson', 'Janelle', 'Angelique', 'Irene', 'Janae', 'Johanna', 'Chelsey', 'Larissa']
['Regan', 'Paulina', 'Brisa', 'Sasha', 'Zaria', 'Felicia', 'Emilie', 'Cora', 'Mayra', 'Skye']
['Alma', 'Lucia', 'Ann', 'Aurora', 'Nichole', 'Deborah', 'Chasity', 'Sage', 'Macie', 'Carrie']
['Tianna', 'Nora', 'Malia', 'Sylvia', 'Kailee', 'Angie', 'Jayden', 'Elaina', 'Alanna', 'Carlie']
['Sonia', 'Macey', 'Kenya', 'Genevieve', 'Marlene', 'Piper', 'Amari', 'Barbara', 'Marilyn', 'Miracle']
['Tayler', 'Brooklynn', 'Perla', 'Kaley', 'Eden', 'Lorena', 'Elisa', 'Julianne', 'Devin', 'Leilani']
['Aileen', 'Regina', 'Shyanne', 'Adrienne', 'Esperanza', 'Cristal', 'Luz', 'Athena', 'Chyna', 'Toni']
['Tierra', 'Arielle', 'Eliana', 'Breana', 'Kelli', 'Eve', 'Melina', 'Madelynn', 'Clare', 'Sydnee']
