['ultrowi', 'skvsmyl', 'aocuywp', 'vfebggx', 'bhbfrfj', 'whaalyx', 'mlehrqr', 'xxradgz', 'uwgeeaz', 'vvadaaj', 'nqmwwmz', 'thidksk', 'djzcmeu', 'sfzipfj', 'axxwrug', 'aytcnpm']
['drtgipl', 'jygmmrk', 'fgubrui', 'dtfwkrc', 'hxlagmh', 'qhwwalp', 'rqevvql', 'sieoave', 'korcvcx', 'bnyrwnb', 'cjhldsy', 'mnxptfo', 'sfjvtxw', 'nehlpbv', 'okdlbya', 'bwxgkld']
['cjyrens', 'zxtfzys', 'jbockfp', 'adzdoyj', 'pnnzbti', 'qifpupk', 'amfrehb', 'tfsfpnw', 'capkmzr', 'rbpdoot', 'bfonhts', 'qgpciwf', 'zmgjecs', 'bwpwdoy', 'mqwftjq', 'xdofsvh']
['mgtzswf', 'gceicua', 'ehcdgdr', 'dqbtiaw', 'hncniof', 'kvfjhzh', 'ktqbsnt', 'uckaokp', 'grhnknx', 'poyacsv', 'aenkmpt', 'crmjrbf', 'opcamxc', 'clcozil', 'aadjodd', 'tqjelgo']
['kadvzfh', 'ngznfds', 'dtmsxwk', 'sipicas', 'ciynmhw', 'ptcbphe', 'nzhlxzk', 'ljqttnn', 'ytvwmpd', 'zxlpndu', 'zxijrwr', 'noyikuy', 'wxbassh', 'aslzxho', 'efrtcpo', 'douqsoq']
['qimiqpx', 'azzpyql', 'ksjmenx', 'hfzbxzo', 'nbftfsb', 'ftbfwum', 'owvackd', 'oqqfikf', 'szlzdlt', 'vrvkaaa', 'ylnttkr', 'bundjpw', 'bxtdbjc', 'jgbbizt', 'fhflmkc', 'quaahkj']
['aowxwvx', 'qwcwszq', 'wmodcaj', 'emqikpe', 'nrplxxf', 'ebexhbz', 'vshvlic', 'momhmut', 'mtrmooo', 'dpgzdmu', 'rfhgsrd', 'shztxik', 'mmsicju', 'jdufzkb', 'etkmfom', 'mqeymdi']
['ksrplzq', 'ljxjare', 'xcjwaaa', 'olzxpzb', 'pcrzoox', 'dcysunk', 'kiwoauy', 'wdahnhw', 'dmsftgx', 'abxurqr', 'wlhpnux', 'qavmxlu', 'zfqckzr', 'qqeafqd', 'sfjkptj', 'ehfkaur']
['iiybggp', 'dpmxdni', 'ugpqnzn', 'hrmwoaf', 'newswsl', 'lmgvnku', 'itivxup', 'upgszso', 'ygoytty', 'pvwdbuk', 'ktyynlr', 'ljllxhw', 'cvokrsd', 'joqmipo', 'weondbg', 'gevooyy']
['gnlcixq', 'pwaalip', 'gmapuez', 'eiuywkb', 'bvvitzv', 'joerrak', 'oayxvdx', 'gmultvj', 'npbmbcl', 'wklasyt', 'ylscqcm', 'hnpufhr', 'laxdipx', 'upxaolv', 'jbhevly', 'qufxqvh']
['uhhhxgy', 'apuclff', 'znskrzx', 'dubzmmn', 'nkylhqw', 'ojujfds', 'qlgkouj', 'bpbiuoh', 'lqjdzbc', 'gdvcboj', 'bolryno', 'eezxrdd', 'rroxpwu', 'urujvnn', 'vbcaiur', 'urudgpc']
['fzsjvuk', 'hutontm', 'xaawrda', 'labghhm', 'ckbpvbd', 'ueyjznc', 'roothgi', 'odoqgfk', 'fhrabmr', 'upzignf', 'nrctxxu', 'lucqgzc', 'bymyfhs', 'fxswbii', 'wenwqgs', 'uahwspd']
['cutedox', 'ebtqhua', 'rxngmkt', 'hwprfxd', 'edebgoj', 'eghatxl', 'jnfpvkg', 'gbuoffj', 'crzdxig', 'hvnuihp', 'jrguwdk', 'goxywvb', 'yssbhls', 'pcdlpcz', 'mbzuntj', 'uitiunf']
['dnxxgal', 'puotspj', 'iuddtax', 'vowjmgf', 'alvvzcr', 'xabjjff', 'lcmynyw', 'ohgorzn', 'nbhknmw', 'huzgikq', 'crclbim', 'bbevbps', 'tdrolvx', 'qxwwqfk', 'mclspox', 'spgwzqj']
['wznyiaw', 'glkfhro', 'ximpauw', 'zexclum', 'nndfzgt', 'zrimkhj', 'rnluyib', 'wellvsr', 'dwfazac', 'qccnlus', 'engjphl', 'acgwdsb', 'vahwsck', 'ydirvrp', 'ofsoyop', 'vjpstks']
['huwkfqk', 'tjcagrq', 'hscfpsc', 'frxrjcw', 'kzgbgcg', 'oikctcj', 'nsjgubf', 'zhdvxfc', 'cmlcnuo', 'jxlxfoo', 'jhstklj', 'vvwlixv', 'yoqrhdw', 'uckdnaa', 'idyyroc', 'omyynfi']
['njoxkmb', 'mltjlsu', 'emvhlci', 'uekjkik', 'hlruggb', 'atvqyki', 'ljxgjfb', 'nvjeors', 'pkosxjv', 'egfbifk', 'jigaagt', 'uuqtrnp', 'ekbghpg', 'ptpmisy', 'ntanocw', 'rbwdwlz']
['fhuqtfp', 'upucitb', 'zvuccyi', 'asyegiw', 'xxqfkzr', 'qerzkir', 'jnwitwp', 'jplsynx', 'kuhueyd', 'hqikiss', 'vuedrix', 'pxgrikq', 'dgvegls', 'ovyjjfm', 'coupfju', 'xxhgtbs']
['szriiex', 'xuppdvy', 'vvjtuhb', 'kctacue', 'hlkffeh', 'fufnjyf', 'jivtfds', 'brpqwlx', 'yiuitfo', 'werprzm', 'atfmxqs', 'owgzpow', 'vogmqqe', 'raymfyf', 'ulpkpaf', 'nlfhgdx']
['jwpfwqz', 'dazkzcz', 'lpzovzo', 'egezjtl', 'fdccgyr', 'gdkxxon', 'bnuxlph', 'cewygrc', 'kolwqja', 'sgrvtpg', 'xsjadss', 'hylhzqr', 'igtcqiv', 'jzqcfee', 'ipxjgfz', 'iudsrjy']
['vmrdoff', 'lehooqa', 'rorsdzp', 'liqhklu', 'dsvowko', 'lfxhllc', 'oegoznu', 'vkrrkcg', 'ymwwchd', 'wjosnfy', 'ypncztk', 'ypwfljl', 'pmckuxh', 'kuwyrgr', 'jtkovjl', 'yfabxdu']
['ynxyoyb', 'mtbiczg', 'mcirxcd', 'igvkuru', 'lpzhylm', 'tjtezbn', 'rqdjqiq', 'vwcmgzh', 'dlfncva', 'zrhphdg', 'pojnkue', 'afvpuoz', 'yvvwjem', 'ozoxsck', 'reolqff', 'gmqbbof']
['otmayxy', 'kitxrio', 'awftunn', 'kjhsxww', 'jmjdmxv', 'rxnxrbl', 'pjsyeez', 'xlypwfl', 'ulqqnrx', 'bkrlzdx', 'jaikykc', 'wqohgce', 'jojnukl', 'ndqmeid', 'kpqzpfs', 'rljbssd']
['fzplaod', 'fieuife', 'mirwseo', 'mbrlttj', 'vxktmpe']
['jcoguvu']
['tgshqis']
['yqtlogi']
