['NVLNXP', 'NS', 'ERR', 'COYVMU', 'ETBLO', 'ZULMQ', 'EMP', 'AZN', 'ZIIN', 'BNC', 'QGUYKQ', 'ZHCQG', 'BAVHR', 'N', 'JP', 'JBJS', 'BBB', 'LTHESD', 'NDZ', 'TTV']
['HO', 'RKCPEP', 'YFFNQ', 'QROYGT', 'XLWRB', 'GBSI', 'MPYJWG', 'SY', 'ET', 'QDMX', 'BHKK', 'FBW', 'TCBKQ', 'TSSNJ', 'D', 'W', 'T', 'ICLIT', 'J', 'WAXWZU']
['FPPMUW', 'GDFI', 'HMURVX', 'YDDS', 'NGUN', 'WFWU', 'OYJLB', 'GI', 'DFGWZZ', 'NBJL', 'WBPB', 'ETSAG', 'HSHY', 'MYN', 'GUOYX', 'DQQ', 'IMB', 'XVU', 'S', 'DVVKX']
['AZGCQ', 'NTMT', 'TXNP', 'E', 'U', 'NDMQJ', 'UEKXJH', 'TGDTND', 'WVHKC', 'UVUBDR', 'EYVVY', 'VWK', 'HDJL', 'IU', 'TQWWLG', 'SUPLJO', 'OL', 'AR', 'QIZWG', 'NDLUNW']
['DEXTSN', 'ORJB', 'RWHILI', 'JN', 'KLQR', 'NZDAU', 'OC', 'EDAKUV', 'LY', 'TZTCA', 'FGPZAA', 'EWAZF', 'BFZ', 'LNMCTV', 'YEBV', 'IYCHS', 'ZAP', 'TYQL', 'MISGHL', 'KBV']
['XINMR', 'ARYSPZ', 'OYDEJ', 'ZDYFZU', 'V', 'OVM', 'OFIPP', 'G', 'QNN', 'MXSFK', 'NO', 'ZJUCNC', 'LHILT', 'B', 'DJC', 'MRT', 'FSZNT', 'BHT', 'KPXJFJ', 'FXAQ']
['HOQPX', 'PHS', 'ZQAULZ', 'EM', 'XS', 'USZM', 'TOR', 'NAIN', 'LZLFY', 'PRYXX', 'TXCK', 'SK', 'OEJ', 'KAZEK', 'VCFLXV', 'ANW', 'DBGM', 'AJDT', 'JJ', 'RM']
['TRXUD', 'AQDX', 'AB', 'OTXCZH', 'JCEYOL', 'LWIA', 'YK', 'RWO', 'VYGES', 'CNYXMO', 'LQ', 'HTA', 'KFBC', 'MYSMZ', 'CVSPP', 'M', 'MLDT', 'FWRV', 'QREJG', 'AEV']
['ZTK', 'ZHDBW', 'LZQ', 'EVTLXI', 'DJS', 'NDF', 'YOGJ', 'ZW', 'XFGUIZ', 'XEAARR', 'SEWIVO', 'TJU', 'DLJMZC', 'XT', 'EJOR', 'CRAQYE', 'GDGZN', 'IWP', 'Y', 'ACYQN']
['QE', 'QBB', 'PIGBG', 'BJ', 'EYEWXP', 'YO', 'AW', 'SRJZQ', 'UBYG', 'NJAA', 'BX', 'UXXBYF', 'BSAEQ', 'SGY', 'P', 'WZ', 'WK', 'EP', 'MOOKF', 'L']
['OHZYQ', 'CCIYM', 'EVDQNK', 'KW', 'HJW', 'MV', 'EU', 'VHUHI', 'TUB', 'EHXPLS', 'WTGA', 'WELF', 'OQV', 'KCQRDN', 'CAED', 'UK', 'YXEJT', 'XU', 'H', 'TB']
['HLT', 'FP', 'JUXOIJ', 'CHR', 'ZVKC', 'GCSAZH', 'HH', 'IGSXN', 'OIA', 'FLLJ', 'VOLULU', 'WWF', 'QYC', 'MICOE', 'VYBQIM', 'PBRPX', 'POL', 'GFNZL', 'TAN', 'MK']
['DRLM', 'YQ', 'UHTMG', 'LJSX', 'PJG', 'KJHR', 'ZTR', 'CMB', 'WCZSB', 'SU', 'MMUK', 'BGB', 'UU', 'YII', 'JMYQEA', 'WPRTBZ', 'AY', 'QREJV', 'CTRFIJ', 'UXBDM']
['X', 'MM', 'SHT', 'ZVWR', 'KMU', 'UBWSTW', 'RZU', 'TN', 'NMU', 'JNJNE', 'JSMAHJ', 'O', 'NP', 'RUC', 'AFH', 'FVMBV', 'A', 'AH', 'HGT', 'KKFPQ']
['BPZAJ', 'HPXSSF', 'HDJIQ', 'BQIFGG', 'FCB', 'UIUBC', 'JCM', 'BW', 'CN', 'AL', 'TGKUE', 'PQ', 'MWKWWN', 'THMU', 'FAF', 'QKT', 'ZYFXQ', 'PE', 'KFYTH', 'DCBWSF']
['LW', 'SBM', 'KRXDGO', 'CFG', 'ODIF', 'XLVUF', 'I', 'UI', 'QNKIQE', 'FJTW', 'IE', 'FAL', 'UJ', 'C', 'Z', 'VL', 'HHCPMB', 'JL', 'MY', 'RQRWJT']
[]
[]
[]
[]
