['TaureanWallerPrince', 'DennisSchroder']
['KentBazemore', 'JohnCollins']
['MikeMuscala', 'DewayneDedmon']
['ErsanIlyasova', 'IsaiahTaylor']
['MalcolmDelaney', 'JaysonTatum']
['MarcoBelinelli', 'JaylenBrown']
['TerryRozier', 'SemiOjeleye']
['AlHorford', 'MarcusMorris']
['KyrieIrving', 'DanielTheis']
['AronBaynes', 'MarcusSmart']
['SpencerDinwiddie', 'AllenCrabbe']
['DeMarreCarroll', 'JoeHarris']
['DAngeloRussell', 'RondaeHollisJefferson']
['JarrettAllen', 'QuincyAcy']
['TylerZeller', 'KembaWalker']
['CarisLeVert', 'MarvinWilliams']
['NicolasBatum', 'MalikMonk']
['DwightHoward', 'TreveonGraham']
['JeremyLamb', 'MichaelCarterWilliams']
['FrankKaminsky', 'MichaelKiddGilchrist']
['JustinHoliday', 'DenzelValentine']
['LauriMarkkanen', 'RobinLopez']
['CristianoFelicio', 'JerianGrant']
['BobbyPortis', 'KrisDunn']
['PaulZipser', 'LeBronJames']
['DavidNwaba', 'JeffGreen']
['KevinLove', 'JoseCalderon']
['JRSmith', 'DwyaneWade']
['KyleKorver', 'CediOsman']
['TristanThompson', 'JaeCrowder']
['HarrisonBarnes', 'YogiFerrell']
['WesleyMatthews', 'DennisSmith']
['DevinHarris', 'DirkNowitzki']
['JJBarea', 'MaxiKleber']
['SalahMejri', 'WillBarton']
['DwightPowell', 'NikolaJokic']
['WilsonChandler', 'EmmanuelMudiay']
['JamalMurray', 'PaulMillsap']
['GaryHarris', 'TorreyCraig']
['TreyLyles', 'MasonPlumlee']
['AndreDrummond', 'IshSmith']
['StanleyJohnson', 'LukeKennard']
['AnthonyTolliver', 'LangstonGalloway']
['ReggieJackson', 'ReggieBullock']
['AveryBradley', 'TobiasHarris']
['DeAndreJordan', 'AustinRivers']
['MilosTeodosic', 'WesleyJohnson']
['LouWilliams', 'BlakeGriffin']
['SindariusThornwell', 'SamDekker']
['MontrezlHarrell', 'KlayThompson']
['DraymondGreen', 'StephenCurry']
['ZazaPachulia', 'AndreIguodala']
['KevinDurant', 'DavidWest']
['ShaunLivingston', 'PatrickMcCaw']
['NickYoung', 'JamesHarden']
['TrevorAriza', 'EricGordon']
['GeraldGreen', 'ClintCapela']
['PJTucker', 'LucMbahaMoute']
['RyanAnderson', 'NeneHilario']
['ChrisPaul', 'ThaddeusYoung']
['BojanBogdanovic', 'CoryJoseph']
['JoeYoung', 'DarrenCollison']
['VictorOladipo', 'DomantasSabonis']
['MylesTurner', 'AlJefferson']
['LanceStephenson', 'KentaviousCaldwellPope']
['JuliusRandle', 'BrandonIngram']
['LarryNance', 'LonzoBall']
['KyleKuzma', 'JordanClarkson']
['JoshHart', 'CoreyBrewer']
['BrookLopez', 'MarcGasol']
['JarellMartin', 'TyrekeEvans']
['JamesEnnis', 'JaMychalGreen']
['DillonBrooks', 'BenMcLemore']
['AndrewHarrison', 'DeyontaDavis']
['MarioChalmers', 'JoshRichardson']
['TylerJohnson', 'WayneEllington']
['HassanWhiteside', 'JamesJohnson']
['GoranDragic', 'BamAdebayo']
['JustiseWinslow', 'DionWaiters']
['KellyOlynyk', 'KhrisMiddleton']
['EricBledsoe', 'TonySnell']
['SterlingBrown', 'JohnHenson']
['GiannisAntetokounmpo', 'JasonTerry']
['ThonMaker', 'JabariParker']
['MalcolmBrogdon', 'AndrewWiggins']
['TajGibson', 'JeffTeague']
['GorguiDieng', 'JimmyButler']
['KarlAnthonyTowns', 'NemanjaBjelica']
['TyusJones', 'ShabazzMuhammad']
['JamalCrawford', 'JrueHoliday']
['ETwaunMoore', 'DariusMiller']
['JameerNelson', 'DeMarcusCousins']
['AnthonyDavis', 'DanteCunningham']
['IanClark', 'NikolaMirotic']
['RajonRondo', 'CourtneyLee']
['EnesKanter', 'FrankNtilikina']
['LanceThomas', 'MichaelBeasley']
['TimHardaway', 'KyleOQuinn']
['JarrettJack', 'DougMcDermott']
['KristapsPorzingis', 'RussellWestbrook']
['CarmeloAnthony', 'StevenAdams']
['AndreRoberson', 'JeramiGrant']
['PaulGeorge', 'AlexAbrines']
['PatrickPatterson', 'JoshHuestis']
['RaymondFelton', 'JonathonSimmons']
['EvanFournier', 'DJAugustin']
['ElfridPayton', 'NikolaVucevic']
['AaronGordon', 'ShelvinMack']
['BismackBiyombo', 'WesleyIwundu']
['MarioHezonja', 'BenSimmons']
['DarioSaric', 'JJRedick']
['TimotheLuwawuCabarrot', 'JoelEmbiid']
['RobertCovington', 'JerrydBayless']
['AmirJohnson', 'RichaunHolmes']
['TJMcConnell', 'TJWarren']
['JoshJackson', 'DevinBooker']
['TysonChandler', 'TylerUlis']
['DraganBender', 'AlexLen']
['MarqueseChriss', 'JaredDudley']
['TroyDaniels', 'CJMcCollum']
['JusufNurkic', 'AlFarouqAminu']
['MauriceHarkless', 'EvanTurner']
['DamianLillard', 'EdDavis']
['PatConnaughton', 'ZachCollins']
['ShabazzNapier', 'BogdanBogdanovic']
['DeAaronFox', 'BuddyHield']
['SkalLabissiere', 'GarrettTemple']
['WillieCauleyStein', 'KostaKoufos']
['JustinJackson', 'GeorgeHill']
['ZachRandolph', 'LaMarcusAldridge']
['KyleAnderson', 'PauGasol']
['RudyGay', 'DannyGreen']
['PattyMills', 'ManuGinobili']
['BrynForbes', 'DavisBertans']
['DejounteMurray', 'DeMarDeRozan']
['SergeIbaka', 'JonasValanciunas']
['DelonWright', 'PascalSiakam']
['KyleLowry', 'OGAnunoby']
['FredVanVleet', 'CJMiles']
['JakobPoeltl', 'DonovanMitchell']
['RickyRubio', 'DerrickFavors']
['AlecBurks', 'RudyGobert']
['JoeIngles', 'RodneyHood']
['JonasJerebko', 'EkpeUdoh']
['RoyceONeale', 'BradleyBeal']
['KellyOubre', 'MarcinGortat']
['IanMahinmi', 'MarkieffMorris']
['OttoPorter', 'MikeScott']
['JohnWall', 'JodieMeeks']
['TomasSatoransky']
