['CD', 'JO', 'DJ', 'OB', 'EX', 'LN', 'RK', 'QL', 'PY', 'KQ']
['GI', 'KB', 'I', 'KV', 'ST', 'MK', 'LG', 'NX', 'NS', 'MO']
['HB', 'CQ', 'JF', 'BL', 'BM', 'ON', 'OI', 'RS', 'NV', 'X']
['MY', 'BE', 'OG', 'LI', 'DK', 'Q', 'GJ', 'CJ', 'HC', 'HY']
['RN', 'G', 'KI', 'DS', 'MC', 'HU', 'MV', 'HZ', 'MX', 'DP']
['MB', 'QX', 'QM', 'IQ', 'NY', 'U', 'MD', 'CL', 'HH', 'BV']
['FU', 'RM', 'JW', 'GW', 'HM', 'DE', 'SG', 'IK', 'LA', 'OK']
['ML', 'PK', 'PC', 'EA', 'EB', 'RA', 'JP', 'Y', 'GC', 'JA']
['MH', 'BR', 'SP', 'KZ', 'IU', 'CI', 'RF', 'MQ', 'EU', 'LD']
['NW', 'PR', 'FS', 'EI', 'OP', 'HX', 'OS', 'GQ', 'NP', 'FD']
['ER', 'T', 'NT', 'JT', 'EO', 'QG', 'DC', 'DU', 'ME', 'FF']
['JS', 'LH', 'BK', 'JE', 'IV', 'SC', 'QU', 'HV', 'PB', 'IO']
['CZ', 'SW', 'GM', 'LM', 'NZ', 'LP', 'BW', 'MR', 'EL', 'O']
['QA', 'JY', 'KP', 'II', 'R', 'NB', 'QE', 'IN', 'JM', 'ND']
['SX', 'SF', 'SJ', 'BQ', 'DO', 'PE', 'CS', 'CM', 'CX', 'MZ']
['LZ', 'SH', 'OE', 'FE', 'NK', 'LW', 'LK', 'RQ', 'CT', 'FH']
['IP', 'NO', 'TF', 'KF', 'SU', 'GE', 'KT', 'OD', 'MN', 'OY']
['TB', 'MF', 'RW', 'BA', 'DM', 'SK', 'HQ', 'CP', 'FP', 'CH']
['ET', 'SA', 'DD', 'OQ', 'SM', 'KA', 'LY', 'NM', 'GD', 'BF']
['DZ', 'DF', 'FK', 'LS', 'BI', 'MU', 'NI', 'IX', 'OU', 'QQ']
['KH', 'LV', 'GZ', 'SY', 'LO', 'HR', 'NR', 'LU', 'MA', 'HK']
['B', 'HA', 'KX', 'QR', 'RL', 'P', 'FG', 'KJ', 'QY', 'IC']
['CY', 'KO', 'RE', 'QK', 'QF', 'QO', 'MG', 'QB', 'FL', 'Z']
['EC', 'NU', 'DQ', 'L', 'BD', 'LL', 'FI', 'MJ', 'EN', 'SV']
['GP', 'JH', 'J', 'PP', 'CO', 'KS', 'BJ', 'DW', 'SS', 'GO']
['PX', 'TA', 'S', 'SQ', 'OZ', 'HI', 'JU', 'MI', 'QS', 'GG']
['ES', 'OW', 'FQ', 'BB', 'RC', 'LQ', 'KN', 'GR', 'LF', 'QW']
['BN', 'GB', 'JN', 'F', 'RY', 'JK', 'LT', 'EV', 'KU', 'SE']
['PA', 'PV', 'PJ', 'JL', 'N', 'JV', 'ID', 'GH', 'GA', 'PI']
['QP', 'BC', 'LJ', 'FT', 'GV', 'NN', 'OJ', 'GK', 'SI', 'GU']
['EW', 'BS', 'DG', 'PM', 'NG', 'HL', 'IL', 'KC', 'HP', 'HF']
['M', 'JG', 'IS', 'SD', 'IH', 'HN', 'C', 'KD', 'HE', 'JX']
['GY', 'MW', 'DH', 'RJ', 'SR', 'PH', 'IB', 'HW', 'MS', 'BG']
['FY', 'GT', 'CG', 'OT', 'QI', 'EY', 'QC', 'H', 'IF', 'RV']
['CC', 'KL', 'EG', 'LC', 'PZ', 'NQ', 'IA', 'NA', 'QJ', 'BT']
['NC', 'GS', 'IT', 'JJ', 'DV', 'IE', 'CE', 'LE', 'PN', 'IR']
['OM', 'EH', 'LX', 'DX', 'A', 'NL', 'RH', 'QN', 'FO', 'FC']
['OV', 'TD', 'LB', 'JQ', 'DB', 'FX', 'PG', 'OA', 'GX', 'JI']
['FM', 'EF', 'EZ', 'MM', 'SB', 'JB', 'DN', 'BU', 'RR', 'QV']
['MT', 'CW', 'KY', 'CU', 'IW', 'NH', 'PF', 'K', 'RP', 'FR']
['JR', 'IZ', 'CN', 'EE', 'IM', 'SO', 'RG', 'FV', 'KE', 'KG']
['BX', 'HD', 'DA', 'QT', 'BO', 'KM', 'OO', 'CK', 'D', 'EQ']
['BY', 'OF', 'E', 'EK', 'SZ', 'PL', 'CA', 'RB', 'OR', 'FZ']
['FA', 'PQ', 'SN', 'CR', 'CV', 'NE', 'RZ', 'FJ', 'EM', 'HT']
['PU', 'QZ', 'HS', 'FB', 'IG', 'QH', 'OL', 'FN', 'PS', 'LR']
['RO', 'RD', 'OH', 'EP', 'KW', 'GN', 'RI', 'MP', 'IJ', 'JZ']
['IY', 'EJ', 'QD', 'RX', 'DR', 'DT', 'NJ', 'HO', 'PW', 'CF']
['JD', 'HG', 'SL', 'DI', 'V', 'FW', 'KK', 'NF', 'BH', 'CB']
['GF', 'PO', 'JC', 'TE', 'OX', 'RU', 'RT', 'DY', 'BZ', 'OC']
['BP', 'PD', 'W', 'KR', 'PT', 'ED', 'DL', 'GL', 'TC', 'HJ']
[]
[]
[]
[]
[]
[]
[]
[]
[]
[]
[]
[]
[]
[]
[]
[]
[]
[]
[]
[]
[]
[]
[]
[]
[]
[]
[]
[]
[]
[]
[]
[]
[]
[]
[]
[]
[]
[]
[]
[]
[]
[]
[]
[]
[]
[]
[]
[]
[]
[]
