['Lena', 'Harry', 'Bonita', 'Pamela', 'Lorenzo', 'Katrina', 'Edward']
['Julia', 'Heather', 'Alex', 'Craig', 'Megan', 'Lydia', 'Vicente']
['Julie', 'Harriett', 'Darryl', 'Maryann', 'Weldon', 'Nellie', 'Sam']
['Janet', 'Marybeth', 'Ray', 'Matthew', 'Curtis', 'Erik', 'Barbra']
['Josie', 'Maxine', 'Nicholas', 'Aileen', 'Frida', 'Richard', 'Manuel']
['Lowell', 'Tanya', 'Mildred', 'Shane', 'Debbie', 'Debra', 'Hector']
['Ladonna', 'Vickie', 'Joel', 'Octavia', 'Ericka', 'Angel', 'Leo']
['Evan', 'Jonathan', 'Dottie', 'Sheldon', 'Steve', 'Luis', 'Bobby']
['Roberta', 'Casandra', 'Crystal', 'Tammy', 'Henry', 'Tonya', 'Ashley']
['Tiara', 'Julius', 'Kimberly', 'Paula', 'Marla', 'Ralph', 'Cathleen']
['Kristen', 'Cara', 'Johnathan', 'Esta', 'Joyce', 'Gail', 'Todd']
['Clyde', 'Anne', 'Lorene', 'Brittany', 'Christine', 'Mae', 'Fred']
['Carl', 'Quentin', 'Kathleen', 'John', 'Marie', 'Donna', 'Bernice']
['Fay', 'Carroll', 'Doris', 'Tommy', 'Joan', 'Alvin', 'Leigh']
['Frank', 'Ronald', 'Virgie', 'Lauren', 'Carole', 'Paul', 'Jasmine']
['Krista', 'Heidi', 'Lucille', 'Gerald', 'Hildegard', 'Kelly', 'Barbara']
['Hazel', 'Noma', 'Dan', 'Donald', 'Iris', 'Chester', 'Gloria']
['Justin', 'Wilbur', 'Marion', 'Benjamin', 'Pearl', 'Carol', 'Rachel']
['Lucy', 'Elvera', 'Mari', 'Deborah', 'Shante', 'Christian', 'Juan']
['Anthony', 'Eva', 'Jerry', 'Brooks', 'Wanda', 'Marge', 'Jodi']
['Isaac', 'Jewell', 'Myra', 'Phyllis', 'Doretha', 'Tommie', 'Cameron']
['Fredrick', 'Dewayne', 'Philip', 'Christopher', 'Rebecca', 'Sally', 'Roger']
['Kristine', 'Keith', 'Monica', 'Carolyn', 'Jeanette', 'Latonya', 'Alonzo']
['Jacqueline', 'Cindy', 'Katie', 'Stanley', 'Guadalupe', 'Elizabeth', 'Susan']
['Cheryl', 'Tom', 'Sheila', 'Marcus', 'Danielle', 'Carmen', 'Jeffery']
['Tomas', 'Aron', 'Rory', 'Minnie', 'Clifford', 'Raquel', 'Martha']
['Lela', 'Antonietta', 'Roy', 'Merle', 'Mireya', 'Martin', 'Robin']
['Kim', 'Norma', 'Irene', 'Zachary', 'Michelle', 'Mamie', 'Joy']
['Colin', 'Annie', 'Shelly', 'Derrick', 'Corinne', 'Carrie', 'Tim']
['Billie', 'Trenton', 'Cleo', 'Sheryl', 'Jason', 'Dolores', 'Blanche']
['Chris', 'Victor', 'Dena', 'Jane', 'Kelvin', 'Devon', 'Rena']
['Sharon', 'Chelsea', 'Bernadette', 'Argentina', 'Cedric', 'Patricia', 'Janice']
['Vera', 'Gladys', 'Thelma', 'Stephanie', 'Houston', 'Patsy', 'Ada']
['Vance', 'Cesar', 'Milton', 'Sarah', 'Sandra', 'Eric', 'Porfirio']
['Olive', 'Beverly', 'Jammie', 'Ruth', 'Kelli', 'Regina', 'Rocio']
['Earl', 'Stacy', 'Robert', 'Wilfredo', 'Phillip', 'Mitchell', 'Dwayne']
['Russel', 'Loretta', 'Raymond', 'Brenda', 'Warren', 'Fletcher', 'Eduardo']
['Mei', 'Anna', 'Jim', 'Harold', 'Lori', 'Pauline', 'Emily']
['Roberto', 'Vicky', 'Jerome', 'Marjorie', 'Edwin', 'Joshua', 'Shaun']
['Shawn', 'Austin', 'Michael', 'Antoinette', 'Sulema', 'Hilton', 'Melanie']
['Marta', 'Daniel', 'Jeremy', 'Kay', 'Theresa', 'Larry', 'Gilbert']
['Lillie', 'Joseph', 'Maybell', 'Melissa', 'Kathryne', 'Matilda', 'Ethel']
['Damian', 'Albert', 'Alice', 'Esperanza', 'Colleen', 'Ivan', 'Newton']
['Gene', 'Grace', 'Patrick', 'Justine', 'Brandon', 'Samantha', 'Douglas']
['Brett', 'Barry', 'Dawn', 'Jayne', 'Desiree', 'Cyndy', 'Jonathon']
['Byron', 'Lizzie', 'Shawna', 'Lawrence', 'Nancy', 'Katherine', 'Clara']
['Lidia', 'Rhonda', 'Patrice', 'Tracy', 'Lorena', 'Louise', 'Randy']
['Melvin', 'Christiana', 'Amanda', 'Diane', 'Antonio', 'Frances', 'Laurie']
['Anita', 'Beatrice', 'Wade', 'Mary', 'Lakesha', 'Nathaniel', 'Margaret']
['Adrian', 'Linda', 'Eunice', 'Esther', 'Deandre', 'Pat', 'Jeff']
['William', 'Erica', 'Joe', 'Horace', 'Adam', 'Gary', 'Bruce']
['Miriam', 'Ruthie', 'Andre', 'Kyle', 'Emerson', 'Hillary', 'Isabelle']
['Dennis', 'Jessie', 'Arline', 'George', 'Lexie', 'Gale', 'Carlos']
['Mavis', 'Laura', 'Rod', 'Dorothy', 'Steven', 'Brian', 'Mario']
['Jennifer', 'Teresa', 'Kenny', 'Gordon', 'Erma', 'Terry', 'Helen']
['Timothy', 'Charlotte', 'Kristina', 'Darrin', 'Betty', 'James', 'Leola']
['Lucia', 'Evelyn', 'Karen', 'Salvatore', 'Bernie', 'Jeffrey', 'Renee']
['Rick', 'Walter', 'Reggie', 'Felipe', 'Judith', 'Claire', 'Josephine']
['Delia', 'Bernard', 'Claudia', 'Harriet', 'Victoria']
['Levi']
['Mona']
['Lottie']
['Louis']
['Beatriz']
['Johnnie']
['Ella']
['Shirley']
['Daphne']
['Sara']
['Ernest']
['Virginia']
['Lester']
['Arturo']
['Vanessa']
['Mark']
['Jewel']
['David']
['Carla']
['Rafael']
['Rueben']
['Ricardo']
['Geraldine']
['Emilee']
['Thomas']
['Lacey']
['Carina']
['Jean']
['Molly']
['Melony']
['Bessie']
['Arthur']
['Jami']
['Allen']
['Cynthia']
['Matt']
['Hugo']
['Johnny']
['Alberta']
['Peggy']
['Abdul']
['Charles']
['Jessica']
['Scotty']
['Oscar']
['Kathryn']
['Kenneth']
['Tabatha']
['Maria']
['Maureen']
['Randall']
['Carlton']
['Toni']
['Gerard']
['Gregory']
['Lisa']
['Ted']
['Andrea']
['Catherine']
['Alan']
['Kurt']
['Stephen']
['Samuel']
['Peter']
['Cheri']
