['C96CD6', '0264AF', '93D432', '2D4D61', '2B8F4B', 'EB9D60', '9BAC71', '026256', '7334F9', '2D56C1', '113E1F', 'DCB902', '1D39ED', 'F545E1', 'F85131', '1FBE40', 'D9180C', '6833E8', '511040', 'BB9072']
['D65E29', 'B49939', 'BA6187', '992AEE', '49EB71', 'B56D74', 'B2A692', 'B8B01F', 'B2CB4D', '160ED4', '7F8E1D', '463E2C', '739ABF', '78DB65', 'B2C27D', '18D668', '7FE1F2', 'D363AB', '3D830C', 'CD5322']
['9B09E5', '2B3DD7', 'A911EF', '45CE10', '7848BA', '54C37C', '1600AD', '9C5DCF', '5C0D69', '7AADBC', '326662', '1866E0', '7C730C', 'DBDDB5', '6DCBC8', '4AE7C7', '189812', 'EB7E6A', 'D883C0', '5ADC6D']
['83ACF7', '0FC6EE', '4BD8B1', 'F2B7FD', '244528', '38515C', '8254EB', 'AF83FA', '9DF876', '4BC7D0', 'A5F27A', 'E492E0', '9D8AD8', '01E026', 'BC38A8', '49EEB4', '43F505', 'C8F1A7', 'D31361', '206150']
['BA7ED0', '2C02B7', '15AA36', '4BBAFA', '24A4D1', '035E05', '38EA17', '82B105', '3D4600', '1B06C5', '833C34', 'FBB00D', '09944C', '468F31', '1986A0', '364B78', '57FCD8', '848C87', '861E09', 'B6ACFC']
['9330C0', '83752D', 'B4257C', 'D98FB6', 'C60FE7', '1656DC', '605983', '26DB4C', '3B6837', '316244', 'CC9A13', '0C4437', '66F8EA', '56B4C2', '42EE34', '1C3933', '76131B', 'D2BDB6', '90E78E', '846154']
['B32674', 'FD1DAC', '565E46', '292CB3', '177A03', 'D50881', '2F584A', '77EB41', '72D023', '420711', 'C0A19A', '3E7F60', '95F017', '81E0FA', 'F33ACF', 'D8849E', 'E0044F', 'E277CB', 'F4C13E', 'F1DB81']
['0231A4', '3CB50A', 'C2A74D', '14A3E7', '3235BA', 'F448AE', 'EED7BB', '1350AD', '187923', '601CA7', '9923B4', '31C6A3', '219F75', 'EF37A6', 'D2EB79', '9C0B9D', 'B38307', '5AF312', '8F75EC', '1743CD']
['1D9893', 'AC34B5', 'C3678B', 'D8492F', '7647CD', '5D4F2F', '82BD08', 'E9F19A', '92C42A', '7B325B', '29267F', '3FAE1E', '0D6A28', '6C1A62', 'FCB503', 'B78EF9', '75002A', 'B00B7F', 'C1CAB9', 'E8C5B8']
['22394B', '0AC7A0', '4AC817', 'F3EDD7', '5E4F6B', '4D74EB', '5C016B', '52FB79', 'D049CD', 'CBE0EA', '6EEE66', '9C4CA5', '068D28', '2B8E0B', '0A3E48', '04279E', '40C7FF', 'EFBA0C', '4EBF50', '88FFF8']
['33ABEE', '380FF7', '7FADE3', '593840', 'DDA295', '7C8A3D', '29BFBC', '718436', '5ABFA9', '1E571E', 'CED5FC', 'E8A38A', 'FAB638', 'D2F8E5', 'FC75E7', '26C6B9', 'D0E36A', '94AED5', '69FD70', 'CC4384']
['62BC31', '2BEC39', '7D4045', '75C017', '51197D', '18AEFC', '2E4B9D', '58ED2B', '882258', '8FF839', '73271F', '0AFD91', '4C0FCD', '539972', '9C4F00', 'F9EB1F', 'C19610', '5A681E', 'C9EF6D', '4FCF52']
['4C1D36', 'F13455', '628552', '5BEDDF', 'FECCAB', 'B85F11', '19EFAF', '46371B', 'B6FA16', '74ADA7', '608F21', '3F75A9', 'E46F9E', 'FD33F7', '1DD8D0', '47063A', '823C51', 'E15D93', 'FE7E47', '6AFCAC']
['A89402', '5E2607', '552199', '273165', 'B0F05D', '52BFE5', '3A0D10', 'E77DD8', 'C54164', '1D528C', '7CC3A7', 'E33128', 'ABE83F', '6D4DDC', '5C91EE', '89A551', '503A55', 'D83AF7', 'E81232', '81A0D3']
['A4FCD1', '77042F', '97D861', '747199', 'C5416A', '3D046E', 'F4EDF8', '8883AC', 'F1B367', 'D0E5BE', '55B952', '672145', '6C3CD5', '34ACF3', 'F7F9CB', 'AD6105', '39CAB7', '03B42D', 'E1A380', '81A856']
['41AFC9', '30EA83', '593AF4', '478A7C', 'B13536', '1F4650', '28CCA5', '052CC7', 'BE3703', 'F32B0B', 'DE6241', 'E2701A', '400D20', 'D6F426', '00C269', '8DF985', '1A770B', '865328', 'EB90EE', 'C69699']
['1D4417', 'D324E7', 'D78522', '9ABAFB', '0525B9', '5A5DE8', 'C0EA59', 'E93252', '5451FF', '20C0D0', 'A03FB7', 'E191B0', '5B4152', '29D22B', '8AC55C', '8806E7', '5D5C76', '4430C2', 'B166D1', 'FBF275']
['0C3AFF', 'CD374A', '3EF396', '25B295', '369765', 'C34593', 'AB96B9', '5F88E7', '5C4F81', '36FCBF', '7B306C', '8BEC15', '66B93A', '2819EE', '98497D', '893D61', '6E3DED', '73F93C', 'D79D49', '2F46CD']
['60B803', 'C4882F', '4DBE20', '09CFE9', 'EC35B5', '87EE7F', '5248A9', '414B77', '35DA72', '2E6B38', '1D0C35', '029563', '82F466', '80F9BC', 'EE9200', '4E8355', '9CE56C', '6D4C8F', '920715', '770A4C']
['88E0AE', '917501', 'B0C2D3', '2961DB', '5C5B8D', 'D78532', '31B801', '0FE5DD', 'EC2626', 'CC66B0', 'F28C7F', 'B4BD91', 'CB5EDA', 'E4C3BA', 'DF5F9C', 'A4F4BB', '255208', '0E6FA7', '943005', '9FCB42']
['3963FC', '1CAAAC', '0B99EF', '935873', '8D43AD', 'CA893B', '923B8C', '81DA52', 'FCD63D', 'EEF23E', '71AE93', '4A32EA', '3E6399', 'A4EAD9', '940AC5', 'DFE9C6', '8EC8D8', '8E8C76', '118FE2', '66C38E']
['09FFA6', '6E7E64', '2D2248', 'EDB261', '415552', '0E78AA', '037831', 'CC08F5', '05F2DC', 'DB6CBF', 'A1D29E', 'AAAF0B', '1D216B', '1E0B30', '66547C', '85CFC7', '31B17E', '34E9FE', 'CE0D10', '2DE42A']
['C07CCC', '26B294', 'FF3177', '2EDC82', '26DA83', 'E1B665', '6C5208', 'DBF47C', 'EB3718', '78E144', 'E7EFA5', '2215AE', '05473A', 'DF44F5', '696B37', 'DDB7C8', 'C748A2', '398310', '099A40', 'E3583F']
['8963E1', 'BCD2F5', '89372A', 'F8B91A', 'FFD642', '30C157', 'F9011B', 'F37211', 'D6DD9E', '5332A9', '3228BB', '5BC875', 'A0DDCD', '9D6554', '1F6554', '43FE78', 'E4F6EF', 'B2C529', 'BE5B1D', 'BB986B']
['0CFFC9', 'FB3B86', '94C20E', '929578', '6BF4D3', '00CD58', '6246E1', '99392B', '8ECA84', 'F61AD7', '98B1CA', '77B9A5', 'D8A834', '71AC6D', '5A3E90', '99E133', '10BBE1', 'A34095', 'E479C8', '1330B3']
