['Shoshana', 'Gwennie', 'Corly', 'Kittie', 'Janice', 'Dita', 'Estele', 'Kania', 'Briny', 'Doroteya', 'Sada', 'Tiffany', 'Marlie', 'Athena', 'Lyda']
['Maxie', 'Erica', 'Kathryn', 'Marabel', 'Eulalie', 'Inga', 'Shirl', 'Lulu', 'Gerry', 'Rosana', 'Erminia', 'Doris', 'Kellie', 'Brook', 'Kathy']
['Yovonnda', 'Meggi', 'Vanni', 'Diahann', 'Kiele', 'Clemmie', 'Kara', 'Anabel', 'Malva', 'Lorena', 'Della', 'Anabal', 'Marijo', 'Julie', 'Nedda']
['Sadye', 'Latisha', 'Maddalena', 'Clemence', 'Harriet', 'Sherrie', 'Sonni', 'Yetta', 'Dyane', 'Collete', 'Charita', 'Noreen', 'Emelda', 'Gaby', 'Lorie']
['Antonietta', 'Chelsy', 'Roxane', 'Beatrice', 'Anette', 'Bekki', 'Casi', 'Desiri', 'Stesha', 'Eran', 'Lorain', 'Alexandrina', 'Agnese', 'Rhodia', 'Fran']
['Addi', 'Ramonda', 'Aviva', 'Rita', 'Claudie', 'Dotti', 'Tarra', 'Mei', 'Morena', 'Faythe', 'Teddi', 'Jacqui', 'Nicoli', 'Lynnet', 'Babara']
['Amalee', 'Tiphanie', 'Missy', 'Caryn', 'Sandie', 'Korney', 'Euphemia', 'Yoshi', 'Row', 'Netty', 'Karie', 'Alia', 'Georgeanne', 'Rosene', 'Gavra']
['Lydie', 'Britney', 'Risa', 'Kaitlin', 'Camala', 'Zenia', 'Ansley', 'Cherilynn', 'Jaynell', 'Kaitlynn', 'Anastassia', 'Carri', 'Nicki', 'Pammy', 'Leda']
['Lotte', 'Stephannie', 'Martina', 'Laverne', 'Elvera', 'Charmine', 'Sofie', 'Adiana', 'Brunhilda', 'Silva', 'Estella', 'Joelly', 'Hortense', 'Dee', 'Cristabel']
['Lani', 'Allene', 'Moyna', 'Kellsie', 'Dorine', 'Tanitansy', 'Jolie', 'Ruperta', 'Orsa', 'Hedwiga', 'Adriane', 'Shanie', 'Cindie', 'Carroll', 'Birgitta']
['Fernande', 'Ingunna', 'Corinne', 'Daphene', 'Cassandra', 'Marisa', 'Joanna', 'Ulrike', 'Mufinella', 'Krissy', 'Nanon', 'Neile', 'Quintana', 'Kala', 'Carla']
['Mirna', 'Gabbie', 'Idelle', 'Noell', 'Livy', 'Valli', 'Randie', 'Anabelle', 'Tallie', 'Cathryn', 'Brear', 'Fawnia', 'Bridgette', 'Monique', 'Delly']
['Cristionna', 'Georgiana', 'Conchita', 'Vinni', 'Angelica', 'Tamra', 'Cassondra', 'Andromache', 'Jen', 'Catha', 'Vonni', 'Marcie', 'Tiffy', 'Flory', 'Marcella']
['Lira', 'Else', 'Sheila', 'Rosamond', 'Bonita', 'Nelie', 'Tim', 'Paulina', 'Jemie', 'Rivkah', 'Lesly', 'Debora', 'Rowena', 'Dominica', 'Alyson']
['Oliy', 'Natalya', 'Gale', 'Vicky', 'Andie', 'Millisent', 'Katti', 'Danni', 'Dena', 'Bertie', 'Fania', 'Cheslie', 'Jorrie', 'Serena', 'Allie']
['Jesse', 'Cristen', 'Austina', 'Zulema', 'Agnes', 'Xylina', 'Rhody', 'Demetria', 'Nancie', 'Sileas', 'Myrtle', 'Peg', 'Roslyn', 'Mariellen', 'Idalina']
['Marlena', 'Patty', 'Madelena', 'Agneta', 'Paige', 'Marris', 'Ranice', 'Tani', 'Eolanda', 'Clarissa', 'Kathleen', 'Stefa', 'Willi', 'Starlin', 'Gianina']
['Helyn', 'Opal', 'Selinda', 'Winifred', 'Ronnica', 'Arlee', 'Veradis', 'Melloney', 'Matilde', 'Mair', 'Belle', 'Tamara', 'Thia', 'Josepha', 'Gae']
['Frankie', 'Haley', 'Sile', 'Annice', 'Jessamyn', 'Sula', 'Agatha', 'Stormi', 'Lisette', 'Reggi', 'Brigitte', 'Leanora', 'Nissie', 'Colline', 'Mella']
['Oralee', 'Diane', 'Mechelle', 'Edith', 'Drusy', 'Bernice', 'Brittan', 'Avivah', 'Johanna', 'Eve', 'Fredericka', 'Terese', 'Yolanda', 'Melinde', 'Britteny']
