['vv', '111', '22', '555555', '6', '8', 'AAAAA', 'BBBBBBB', 'CC', 'CCCCC', 'DD', 'DDD', 'EEEEE', 'GGGGGGG', 'JJJ', 'JJJJJJJ', 'JJJJJJJJ', 'KKK', 'MMMMMMMM', 'NN', 'OO', 'SSSSSSSS', 'UUUUU', 'XXXXX', 'ZZ', 'aaaaa', 'bb', 'ccc', 'eeeeee', 'eeeeeee', 'ffffff', 'fffffff', 'ggggg', 'hhhh', 'hhhhhhh', 'iiiiiiii', 'kkkkkkk', 'llllllll', 'mmm', 'ppp', 'pppppppp', 'qqq', 'qqqqqq', 'rrrrrrr', 'sss', 'v', 'vvvvv', 'wwwwww', 'y', 'zz', '2222222', '3333', '44444', '444444', '555', 'D', 'DDDDDDD', 'EEEEEEE', 'EEEEEEEE', 'GGG']
['CCC', 'zzzzzz', 'H', 'HHHHHHHH', 'JJJJJ', 'JJJJJJ', 'LLLLL', 'S', 'UUUUUU', 'XXXXXX', 'c', 'fff', 'hhh', 'i', 'm', 'mm', 'mmmmmmm', 'qqqq', 'rr', 'ssssss', 'sssssss', 'uuu', 'uuuuuuu', 'uuuuuuuu', '11111', '222222', '4444', '4444444', '66666', '66666666', 'BBBB', 'DDDDDDDD', 'FFFF', 'IIIIIIII', 'KKKKKKKK', 'LLL', 'PP', 'PPPPPPPP', 'Q', 'SSSSSSS', 'T', 'TTT', 'WWWW', 'WWWWWWW', 'XXXX', 'ZZZZ', 'bbbbb', 'bbbbbbb', 'ccccccc', 'ggggggg', 'gggggggg', 'nnnnnnnn', 'qqqqq', 'ssss', 'ttttttt', 'zzzz', 'zzzzzzz', '111111', '2', '33']
['bbbb', '55', '5555', '88888888', 'A', 'AAA', 'DDDDDD', 'EEE', 'HH', 'IIIIII', 'LLLLLLLL', 'MMMMMMM', 'QQQQQQ', 'RRRRRRR', 'TTTTTTT', 'XXX', 'YYYYYY', 'ZZZZZZ', 'ZZZZZZZ', 'bbbbbbbb', 'eee', 'hh', 'j', 'jjjj', 'jjjjjj', 'nnnnnnn', 'oooo', 'xxxxxx', 'yyy', 'z', 'zzzzz', '888888', 'HHHH', 'NNNN', 'aaa', 'ddddd', 'hhhhhh', 'jj', 'mmmmmmmm', 'wwwwwwww', '1111', '333', '5', '55555555', '77', '7777', 'AAAA', 'C', 'CCCCCCC', 'FF', 'FFF', 'GGGGGGGG', 'I', 'II', 'LLLL', 'M', 'MM', 'NNNNNNNN', 'O', 'QQQQQQQ']
['rrrrrrrr', 'RRRR', 'VVVVV', 'VVVVVVVV', 'aaaaaa', 'cc', 'ddd', 'eeee', 'jjjjj', 'kk', 'lllll', 'llllll', 'tttttt', 'tttttttt', 'uuuuu', 'vvv', 'vvvv', 'wwwww', 'yyyy', 'yyyyyyy', '55555', '6666', '666666', 'AAAAAAAA', 'BBBBBB', 'CCCCCCCC', 'DDDDD', 'LLLLLLL', 'OOOO', 'PPP', 'U', 'UUU', 'WWWWWW', 'X', 'Y', 'aa', 'aaaaaaaa', 'jjjjjjjj', 'mmmm', 'nn', 'ppppppp', 'rrrrrr', 'ww', 'wwww', 'yyyyyyyy', '11', '222', '22222', '22222222', '666', '6666666', '7777777', 'BBB', 'E', 'EE', 'GG', 'GGGGGG', 'HHHHH', 'HHHHHH', 'J']
['RR', 'TTTTTTTT', 'K', 'MMM', 'MMMMMM', 'PPPPP', 'QQQ', 'QQQQQQQQ', 'TT', 'UUUUUUU', 'YY', 'YYYY', 'YYYYYYYY', 'bbb', 'dddd', 'eeeeeeee', 'ffff', 'kkkkkk', 'lllllll', 'mmmmm', 'nnnnnn', 'pp', 'qqqqqqq', 'rrrrr', 'ssssssss', 'uuuuuu', 'wwwwwww', 'yyyyyy', 'zzzzzzzz', '33333333', '777', '8888', 'BBBBB', 'G', 'IIIIIII', 'JJ', 'KK', 'LL', 'MMMMM', 'OOOOOOOO', 'RRR', 'SSSS', 'TTTT', 'UUUUUUUU', 'XXXXXXX', 'bbbbbb', 'e', 'eeeee', 'hhhhh', 'iiii', 'k', 'kkkk', 'l', 'n', 'ooo', 'ooooo', 'oooooooo', 'pppppp', 'uu', 'x']
['ooooooo', 'xxxxx', 'xxxxxxxx', 'r', '3', '444', '77777', '777777', 'AA', 'AAAAAA', 'HHHHHHH', 'NNN', 'NNNNNN', 'OOOOO', 'PPPPPPP', 'R', 'SSSSSS', 'UU', 'V', 'W', 'WWWWW', 'XX', 'XXXXXXXX', 'YYY', 'ZZZZZZZZ', 'a', 'aaaaaaa', 'cccccc', 'cccccccc', 'ddddddd', 'mmmmmm', 'oooooo', 'q', 'qq', 's', 'ss', '3333333', '4', '8888888', 'AAAAAAA', 'FFFFF', 'IIII', 'KKKKKK', 'L', 'SS', 'VVVV', 'gg', 'iiiii', 'kkkkkkkk', 'qqqqqqqq', 'vvvvvvvv', 'KKKK', 'LLLLLL', 'MMMM', 'OOO', 'PPPP', 'PPPPPP', 'UUUU', 'VVVVVV', 'YYYYY']
['SSSSS', 'cccc', 'ccccc', 'dd', 'dddddddd', 'gggg', 'nnnn', 'pppp', 'tt', 'xxxx', 'yyyyy', 'GGGGG', 'WWWWWWWW', 'TTTTTT', '7', 'JJJJ', 'ffffffff', 'iiiiii', 'u', 'yy', 'RRRRRRRR', 'YYYYYYY', 'ff', '33333', 'VVV', 'Z', 'ee', 'g', 'ii', 'oo', 'xxxxxxx', '888', 'ZZZ', 'ggg', 'IIIII', 'NNNNN', 'h', 'EEEE', 'KKKKKKK', 'QQQQQ', 'jjjjjjj', 'o', 't', 'uuuu', 'vvvvvv', '333333', '44444444', 'WWW', 'ZZZZZ', 'aaaa', '1', 'NNNNNNN', 'RRRRRR', 'WW', 'kkkkk', 'lll', 'ppppp', 'sssss', 'ttttt', 'www']
['xxx', 'EEEEEE', 'TTTTT', 'hhhhhhhh', '88888', 'B', 'OOOOOOO', 'jjj', 'CCCC', 'CCCCCC', 'FFFFFFF', 'HHH', 'III', 'KKKKK', 'QQ', 'QQQQ', 'kkk', 'xx', 'rrr', '5555555', 'BB', 'FFFFFF', 'VVVVVVV', 'f', 'FFFFFFFF', 'iiiiiii', 'p', 'P', 'OOOOOO', 'nnn', '66', '77777777', 'SSS', '11111111', 'vvvvvvv', 'F', 'RRRRR', 'll']
['gggggg']
['d']
['tttt']
['b']
['44']
['w']
['GGGG']
['rrrr']
['llll']
['88']
['VV']
['1111111']
['dddddd']
['2222']
['nnnnn']
['BBBBBBBB']
['iii']
['zzz']
['ttt']
['fffff']
['N']
['DDDD']
