['Marino4', 'Edilio2', 'Eusebio3', 'Mietta1', 'Carlo1', 'Noah0', 'Cleros6', 'Osea1', 'Miriana9', 'Clodovea1', 'Pierfrancesco0', 'Irene7', 'Orfeo4', 'Tolomeo0', 'Siro9', 'Loris4', 'Maggiore3', 'Cosetta2', 'Violante6', 'Edipo5']
['Gelsomina6', 'Diamante4', 'Soriana6', 'Enzo3', 'Deborah4', 'Ruth1', 'Gianriccardo2', 'Artes8', 'Mattia6', 'Tancredi5', 'Amedeo5', 'Miriam7', 'Celeste4', 'Raoul7', 'Isabel6', 'Prisca3', 'Anastasio3', 'Gianantonio5', 'Cassiopea3', 'Lidia0']
['Gianantonio6', 'Dante0', 'Folco3', 'Kris3', 'Sabatino1', 'Armando0', 'Bettino8', 'Amerigo1', 'Siro2', 'Cira7', 'Manfredi5', 'Giorgio6', 'Deborah2', 'Loredana6', 'Enzo7', 'Baldassarre3', 'Luce6', 'Jari2', 'Elio3', 'Albino1']
['Nazzareno0', 'Mariagiulia4', 'Erminia8', 'Liborio8', 'Antonio9', 'Arduino5', 'Costantino7', 'Filomena3', 'Nestore3', 'Danthon5', 'Matteo9', 'Trevis8', 'Miriana4', 'Gregorio7', 'Jarno1', 'Eusebio6', 'Bibiana4', 'Erminia5', 'Folco6', 'Mattia1']
['Gavino8', 'Arduino8', 'Modesto4', 'Marvin0', 'Xavier7', 'Romeo2', 'Mauro7', 'Davide8', 'Ausonio0', 'Thea4', 'Ulrico6', 'Cleros4', 'Joseph3', 'Timoteo9', 'Samira4', 'Pietro1', 'Serse1', 'Gianantonio3', 'Cassiopea8', 'Renato5']
['Mietta2', 'Laura9', 'Giobbe6', 'Ettore0', 'Priamo0', 'Danuta0', 'Nathan9', 'Audenico0', 'Filomena4', 'Sesto2', 'Sabino2', 'Deborah9', 'Ludovico2', 'Iacopo1', 'Fabiano1', 'Nathan3', 'Gianriccardo3', 'Max1', 'Alan9', 'Pablo9']
['Rosolino0', 'Concetta9', 'Eriberto1', 'Avide3', 'Quarto3', 'Jacopo4', 'Claudia6', 'Assia4', 'Ferdinando6', 'Jelena1', 'Mecren5', 'Mariagiulia3', 'Odino6', 'Vera2', 'Zaccaria2', 'Cleros7', 'Valdo2', 'Ercole2', 'Nathan2', 'Kris2']
['Akira3', 'Demi9', 'Sibilla4', 'Marcella3', 'Giovanna5', 'Antimo9', 'Carmelo4', 'Ursula5', 'Rita6', 'Donatella7', 'Tancredi6', 'Michael4', 'Rosita1', 'Marina6', 'Ercole9', 'Ivano3', 'Jack2', 'Caligola0', 'Tolomeo6', 'Alighiero7']
['Gregorio2', 'Kayla9', 'Orfeo5', 'Vania3', 'Cleopatra5', 'Italo5', 'Ferdinando0', 'Elio8', 'Luce0', 'Joshua3', 'Lorenzo9', 'Fabiano3', 'Karim1', 'Caio2', 'Ercole8', 'Egisto1', 'Alessandro3', 'Miriana7', 'Azue3', 'Lino4']
['Benedetta5', 'Clodovea2', 'Fiorenzo8', 'Battista3', 'Amerigo5', 'Tommaso8', 'Primo3', 'Nayade9', 'Monia6', 'Maruska3', 'Caligola7', 'Ione9', 'Amedeo1', 'Gilda2', 'Noah6', 'Fabio9', 'Fatima2', 'Nicoletta3', 'Lidia4', 'Mirko6']
['Doriana2', 'Italo9', 'Alessio3', 'Zelida4', 'Vinicio8', 'Augusto8', 'Cira8', 'Lazzaro2', 'Giulio2', 'Hector0', 'Claudia1', 'Umberto0', 'Tazio1', 'Enrico1', 'Giorgio3', 'Giulietta7', 'Nestore6', 'Dylan9', 'Pacifico0', 'Bettino1']
['Prisca2', 'Marieva7', 'Marino8', 'Elda2', 'Maika9', 'Fiorenzo7', 'Caio6', 'Marzio4', 'Rosalba8', 'Primo1', 'Sarita4', 'Elsa1', 'Rosalino0', 'Concetta5', 'Ilario9', 'Sasha9', 'Ariel9', 'Mecren9', 'Joannes5', 'Orfeo1']
['Gioacchino7', 'Lamberto6', 'Rosalba1', 'Marina7', 'Elsa0', 'Ethan9', 'Miriam8', 'Aroldo4', 'Giordano5', 'Fortunata0', 'Damiana9', 'Benedetta4', 'Concetta1', 'Siro8', 'Evangelista9', 'Oretta9', 'Arcibaldo8', 'Edipo4', 'Demis3', 'Penelope7']
['Leonardo1', 'Rocco9', 'Ian0', 'Luigi4', 'Genziana8', 'Leonardo0', 'Marianita1', 'Edilio6', 'Marianita8', 'Siro3', 'Piersilvio3', 'Oretta5', 'Renzo6', 'Emanuel7', 'Enzo6', 'Penelope5', 'Antonino6', 'Loretta4', 'Marina4', 'Osea0']
['Secondo0', 'Mariano0', 'Gioacchino6', 'Cleros2', 'Gilda5', 'Tancredi4', 'Brigitta5', 'Karim8', 'Timoteo5', 'Primo9', 'Loretta1', 'Giacobbe7', 'Luigi7', 'Matilde9', 'Marcella0', 'Trevis2', 'Alessio7', 'Gaetano4', 'Timoteo4', 'Fabio8']
['Mariagiulia0', 'Odone9', 'Celeste3', 'Osvaldo5', 'Armando5', 'Moreno5', 'Edilio5', 'Eustachio2', 'Bortolo5', 'Sirio6', 'Marzio6', 'Pacifico5', 'Emanuel3', 'Marieva8', 'Cleros5', 'Thea5', 'Rufo5', 'Sebastian2', 'Nico1', 'Adriano0']
['Eustachio1', 'Laerte5', 'Diamante6', 'Dante5', 'Maggiore2', 'Rebecca5', 'Marzio5', 'Santo9', 'Sarita7', 'Patrizio4', 'Samira6', 'Anselmo3', 'Erminia2', 'Cleopatra8', 'Valdo9', 'Mietta0', 'Elga3', 'Laerte9', 'Walter7', 'Assia0']
['Sebastian4', 'Tazio7', 'Kayla3', 'Gianmaria7', 'Bibiana6', 'Demis2', 'Piersilvio0', 'Isabel1', 'Renzo5', 'Joseph7', 'Benedetta1', 'Ileana5', 'Michael9', 'Folco8', 'Folco4', 'Michele7', 'Costanzo4', 'Ermes9', 'Ludovico9', 'Graziano0']
['Noel4', 'Siro0', 'Terzo7', 'Gerlando9', 'Arturo8', 'Ercole4', 'Odino9', 'Maika6', 'Eriberto7', 'Fernando8', 'Mattia9', 'Olimpia3', 'Fortunata6', 'Rodolfo9', 'Odone4', 'Lia2', 'Marcella4', 'Adriano1', 'Nestore5', 'Amedeo6']
['Walter1', 'Eriberto9', 'Ian2', 'Anselmo9', 'Giacinto6', 'Radames1', 'Vania2', 'Odone8', 'Marianita7', 'Teseo4', 'Sasha7', 'Pablo7', 'Rebecca6', 'Ubaldo2', 'Tristano5', 'Carmela3', 'Cleopatra1', 'Marianita5', 'Ethan3', 'Davide1']
['Cleopatra7', 'Umberto9', 'Umberto6', 'Anselmo8', 'Elga8', 'Sesto4', 'Oreste0', 'Nabil5', 'Nestore8', 'Trevis3', 'Nico6', 'Giovanna3', 'Erminio4', 'Tristano8', 'Flaviana6', 'Erminio9', 'Mariagiulia9', 'Fiorentino3', 'Secondo5', 'Rosalino2']
['Ethan7', 'Giancarlo3', 'Cassiopea9', 'Sue2', 'Emanuel1', 'Guendalina3', 'Ubaldo1', 'Iacopo2', 'Ercole1', 'Jari0', 'Marzio7', 'Sandro2', 'Joshua0', 'Gianmarco5', 'Jole3', 'Mirko4', 'Muzio8', 'Quirino1', 'Cesidia8', 'Xavier5']
['Kai5', 'Sesto8', 'Jacopo3', 'Domiziano7', 'Demi6', 'Ermes4', 'Osea9', 'Radames4', 'Carmela6', 'Gaetano5', 'Fiorenzo1', 'Sirio1', 'Guido1', 'Nestore7', 'Alberto5', 'Loredana0', 'Damiana2', 'Gianleonardo6', 'Elda4', 'Davide5']
['Quasimodo0', 'Raniero0', 'Furio5', 'Emidio9', 'Lauro3', 'Priamo8', 'Orfeo7', 'Demis1', 'Silvano4', 'Radames7', 'Armando8', 'Romeo4', 'Liborio4', 'Rebecca2', 'Rosaria8', 'Laura1', 'Nestore4', 'Guido6', 'Walter3', 'Enzo0']
['Bortolo9', 'Alighieri1', 'Brigitta8', 'Fatima0', 'Fatima9', 'Santo3', 'Giorgio2', 'Costanzo6', 'Cirino1', 'Laerte0', 'Sue0', 'Monia8', 'Lisa0', 'Leonardo7', 'Eliziario6', 'Lidia6', 'Orfeo9', 'Lauro5', 'Anastasio7', 'Folco0']
