['Sherline', 'Annie', 'Brynne', 'Ardenia', 'Cherry', 'Frankie', 'Emilee', 'Amitie', 'Rosalinde', 'Mable', 'Riannon', 'Cammie', 'Lindsy', 'Cecelia', 'Paula', 'Catina', 'Ealasaid', 'Dana', 'Courtnay']
['Goldina', 'Sallyanne', 'Imogen', 'Bonnee', 'Helenka', 'Tiffani', 'Clemmy', 'Tressa', 'Magdaia', 'Fayina', 'Marla', 'Rasla', 'Libby', 'Raine', 'Paulette', 'Lorinda', 'Terra', 'Reta', 'Alyce']
['Rosene', 'Jennica', 'Bessy', 'Tilda', 'Darcee', 'Lauretta', 'Kippy', 'Kathlin', 'Pandora', 'Kylen', 'Brandie', 'Emelina', 'Lia', 'Costanza', 'Katleen', 'Laura', 'Lillis', 'Dulcie', 'Christin']
['Lettie', 'Heidie', 'Sara', 'Phil', 'Elinor', 'Bell', 'Marley', 'Pierrette', 'Shay', 'Susana', 'Patti', 'Jaime', 'Reeva', 'Edi', 'Gigi', 'Arleyne', 'Donella', 'Maryjo', 'Giselle']
['Annalee', 'Christina', 'Giralda', 'Raven', 'Chelsea', 'Essa', 'Ashli', 'Elayne', 'Elisabet', 'Ondrea', 'Linette', 'Laureen', 'Kaylyn', 'Tamarah', 'Nolana', 'Laverna', 'Dulcia', 'Bobbie', 'Hatty']
['SheilaKathryn', 'Ray', 'Nevsa', 'Renae', 'Lilla', 'Callie', 'Biddie', 'Vilma', 'Ardine', 'Kay', 'Laraine', 'Karlotta', 'Jaclyn', 'Delila', 'Analise', 'Corella', 'Caryn', 'Ellie', 'Phedra']
['Thomasina', 'Kiersten', 'Oliy', 'Shayna', 'Nomi', 'Tybi', 'Cynde', 'Idalina', 'Lorena', 'Shelby', 'Lacey', 'Cinnamon', 'Tanya', 'Phillis', 'Shelia', 'Susi', 'Lila', 'Rosina', 'Camille']
['Leilah', 'Shayne', 'Mina', 'Tatiana', 'Ethelind', 'Camilla', 'Madonna', 'Ivie', 'Jada', 'Jess', 'Jane', 'Herminia', 'Constantia', 'Melodie', 'Brenn', 'Lois', 'Di', 'Nicoli', 'Vonny']
['Raye', 'Barbe', 'Hendrika', 'Nerta', 'Wendeline', 'Neila', 'Madalena', 'Joycelin', 'Nadine', 'Cordy', 'Cate', 'Marlyn', 'Lorna', 'Pia', 'Kial', 'Clemmie', 'Marylou', 'Lori', 'Therine']
['Katalin', 'Natala', 'Meggy', 'Shani', 'Erma', 'Livia', 'Merrielle', 'Kettie', 'Jasmin', 'Sue', 'Aubrette', 'Gabriell', 'Corinna', 'Starr', 'Zorana', 'Patience', 'Gerianna', 'Barbaraanne', 'Eadie']
['Sheeree', 'Ula', 'Tanhya', 'Cayla', 'Kacey', 'Viva', 'Trude', 'Maryl', 'Siobhan', 'Kellen', 'Valerie', 'Rachel', 'Mariejeanne', 'Jolie', 'Penny', 'Moyra', 'Erna', 'Saundra', 'Harrie']
['Pansie', 'Gaynor', 'Eve', 'Janey', 'Andriette', 'Ashlen', 'Ashely', 'Wilone', 'Pippy', 'Idell', 'Karol', 'Fawne', 'Deny', 'Kassia', 'Liz', 'HelenElizabeth', 'Tamarra', 'Rozanna', 'Emmy']
['Gerrilee', 'Lyn', 'Jeniffer', 'Gayle', 'Natka', 'Almeda', 'Joannes', 'Serena', 'Amabel', 'Dolores', 'Anjanette', 'Andree', 'Goldi', 'Sheilah', 'Stepha', 'Tresa', 'Jorey', 'Silva', 'Veronike']
['Lavinia', 'Megan', 'Licha', 'Trista', 'Betteanne', 'Natalina', 'Minnnie', 'Kalindi', 'Tersina', 'Vallie', 'Katha', 'Evvy', 'Tova', 'Tessy', 'Rebbecca', 'AnnaDiana', 'Freda', 'Libbi', 'Gwenette']
['Jenna', 'Loria', 'Laurice', 'Robena', 'Geri', 'Coral', 'Billy', 'Vickie', 'Laverne', 'Renelle', 'Sharron', 'Noelyn', 'Evangeline', 'Rosalind', 'Sophie', 'Vanessa', 'Emmalynne', 'Jeannie', 'Carree']
['Nerissa', 'Suellen', 'Jodi', 'Mariette', 'Jessika', 'Madelin', 'Toni', 'Debbie', 'Meris', 'Gwendolen', 'Nelia', 'Joleen', 'Anthe', 'Shelli', 'Cristina', 'Stefa', 'Prudi', 'Midge', 'Lanni']
['Anya', 'Cory', 'Dayle', 'Merline', 'Carlye', 'Madelyn', 'Genna', 'Chrystel', 'Deeann', 'Tobi', 'Lorraine', 'Henrietta', 'Avivah', 'Zita', 'Danell', 'Koressa', 'Kania', 'Daisi', 'Martguerita']
['Maddalena', 'Janette', 'Sibylle', 'Melva', 'Valentine', 'Constantina', 'Milena', 'Garland', 'Myrilla', 'Paulina', 'Johnette', 'Kata', 'Lina', 'Alvina', 'Marice', 'Sofia', 'Tammy', 'Winifred', 'Henriette']
['Thalia', 'Roseann', 'Jsandye', 'Kerstin', 'Leora', 'Jobina', 'Reggi', 'Drucill', 'Toma', 'Romonda', 'Jeannine', 'Esmaria', 'Edeline', 'Fredelia', 'Miquela', 'Matilda', 'Carline', 'Leona', 'Sheena']
['Inna', 'Christabel', 'Hyacinth', 'Lona', 'Lisbeth', 'Clari', 'Grazia', 'Harriett', 'Jessamyn', 'Flori', 'Neilla', 'Lorrin', 'Heather', 'Jeralee', 'Eddi', 'Jacquenette', 'Corey', 'Sheree', 'Randene']
['Ginger', 'Kelcey', 'Arliene', 'Blake', 'Marjie', 'Joly', 'Brandise', 'Coretta', 'Fayth', 'Willabella', 'Gussy', 'Kristin', 'Feliza', 'Pollyanna', 'Cordie', 'Mehetabel', 'Isabelle', 'Bibbie', 'Chris']
['Eula', 'Vi', 'Misti', 'Pavla', 'Vin', 'AnnaDiane', 'Kora', 'Uta', 'Mia', 'Yalonda', 'Lisabeth', 'Shaina', 'Carmelia', 'Verina', 'Marcia', 'Honey', 'Sayre', 'Nora', 'Charis']
['Crystie', 'Zoe', 'Ortensia', 'Allsun', 'Kinna', 'Bria', 'Marigold', 'Denyse', 'Vivia', 'Brigid', 'Sharla', 'Philomena', 'Siusan', 'Debby', 'Wilow', 'Keri', 'Lita', 'Jeannette', 'Una']
['Lynnett', 'Dianna', 'Genni', 'Brynna', 'Geralda', 'Erinna', 'Devinne', 'Dulcea', 'Faith', 'Sephira', 'Karisa', 'Mareah']
['Claudina']
