['Dario', 'Orval', 'Barry', 'Lorie', 'Major', 'Rufus', 'Claud', 'Ilene', 'Tommy', 'Sofia', 'Brock', 'Adela', 'Mason', 'Bruno', 'Hazel', 'Lacey', 'Emily', 'Joyce', 'Bobbi', 'Essie', 'Carla', 'Queen', 'Misty', 'Elmer', 'Doris', 'Adele', 'Alvin', 'Quinn', 'Arlen', 'Donny', 'Bette', 'Cesar', 'Malik', 'Candy', 'Carly', 'Alice', 'Mikel', 'Kelly', 'April', 'Elena', 'Mitch', 'Rhett', 'Roxie', 'Vilma', 'Dante', 'Lucio', 'Della', 'Terry', 'Jayne', 'Maura']
['Holly', 'Shane', 'Nikki', 'Mandy', 'Betsy', 'Jaime', 'Becky', 'Steve', 'Myron', 'Allan', 'Nelda', 'David', 'Tracy', 'Mitzi', 'Vicky', 'Josef', 'Roger', 'Ervin', 'Aline', 'Moses', 'Erika', 'Trent', 'Margo', 'Greta', 'Kayla', 'Irvin', 'Casey', 'Laura', 'Lauri', 'Cyrus', 'Chang', 'Basil', 'Wyatt', 'Gayle', 'Bryon', 'Jamar', 'Elsie', 'Paige', 'Wendi', 'Darin', 'Edwin', 'Maria', 'Leroy', 'Ariel', 'Louis', 'Odell', 'Danny', 'Amado', 'Rhoda', 'Maude']
['Chong', 'Brian', 'Davis', 'Bryce', 'Ronny', 'Brady', 'Peter', 'Erick', 'Hilda', 'Sandy', 'Fidel', 'Sonja', 'Erica', 'Monty', 'Sally', 'Annie', 'Sammy', 'Leila', 'Sybil', 'Wendy', 'Linda', 'Alton', 'Sonny', 'Leann', 'Craig', 'Clara', 'Flora', 'Hyman', 'Ruben', 'Janis', 'Tammi', 'Randi', 'Lanny', 'Garry', 'Cliff', 'Nadia', 'Amber', 'Moshe', 'Debra', 'Randy', 'Olive', 'Karen', 'Berta', 'Clint', 'Roman', 'Micah', 'Brant', 'Eddie', 'Tonya', 'Benny']
['Mable', 'Zelma', 'Naomi', 'Jonah', 'Issac', 'Sadie', 'Lydia', 'Bryan', 'Marla', 'Felix', 'Cindy', 'Dixie', 'Melba', 'Wally', 'Ebony', 'Marty', 'Chris', 'Avery', 'Clark', 'Tasha', 'Renee', 'Elias', 'Freda', 'Brent', 'Sheri', 'Kevin', 'Clyde', 'Tessa', 'Lorna', 'Effie', 'Kathy', 'Katie', 'Dwain', 'Rusty', 'Willy', 'Mamie', 'Tonia', 'Homer', 'Tyron', 'Tanya', 'Daron', 'Jacob', 'Robin', 'Deann', 'Timmy', 'Terri', 'Percy', 'Pansy', 'Jason', 'Nancy']
['Devin', 'Ellen', 'Emery', 'Ollie', 'Karin', 'Leona', 'Viola', 'Ahmad', 'Daisy', 'Lyman', 'Buddy', 'Chase', 'Jared', 'Patti', 'Dusty', 'Kirby', 'Fritz', 'Shaun', 'Wanda', 'Mario', 'Julio', 'Pedro', 'Grant', 'Verna', 'Elvin', 'Julia', 'Janet', 'Josie', 'Staci', 'James', 'Wilma', 'Marci', 'Corey', 'Billy', 'Robyn', 'Elvia', 'Merle', 'Twila', 'Ernie', 'Marcy', 'Helga', 'Jamel', 'Audra', 'Donna', 'Britt', 'Aaron', 'Joann', 'Perry', 'Pearl', 'Teddy']
[]
[]
[]
[]
[]
[]
[]
[]
[]
[]
[]
[]
[]
[]
[]
