['Jude', 'Logan', 'Ryder', 'Miles', 'Micah', 'Jasper', 'Tristan', 'Emerson', 'Brooks', 'Clayton']
['Kaleb', 'Evan', 'Maverick', 'Karter', 'Dallas', 'Omar', 'David', 'Damian', 'Caden', 'Patrick']
['Eduardo', 'Tucker', 'Martin', 'Caleb', 'Camden', 'Charles', 'Leo', 'Edward', 'Angel', 'Nathan']
['Stephen', 'Colt', 'Giovanni', 'Knox', 'Owen', 'Jaxon', 'Zachary', 'Ian', 'Joseph', 'Josiah']
['Barrett', 'Jeremy', 'Lukas', 'Cole', 'Iker', 'Luke', 'Richard', 'William', 'Jason', 'Timothy']
['Waylon', 'Zane', 'Ryker', 'Alex', 'Nicholas', 'Levi', 'Andres', 'Brady', 'Andrew', 'Leonardo']
['Gael', 'Jayce', 'Adriel', 'Dean', 'Jesus', 'am', 'James', 'Mason', 'Oliver', 'Lucas']
['Robert', 'Kenneth', 'Alexander', 'Daniel', 'Aiden', 'Jackson', 'Sebastian', 'Wyatt', 'John', 'Gabriel']
['Isaac', 'Jack', 'Christopher', 'Lincoln', 'Ryan', 'Isaiah', 'Christian', 'Eli', 'Connor', 'Adrian']
['Cameron', 'Jeremiah', 'Easton', 'Ezra', 'Brayden', 'Dominic', 'Adam', 'Jaxson', 'Jose', 'Carson']
['Jace', 'Xavier', 'Roman', 'Chase', 'Gavin', 'Ayden', 'Kevin', 'Everett', 'Tyler', 'Weston']
['Nathaniel', 'Brandon', 'Luis', 'Silas', 'George', 'Justin', 'Max', 'Luca', 'Maxwell', 'Ivan']
['Juan', 'Rowan', 'Eric', 'Abel', 'Amir', 'Brody', 'Emmanuel', 'Beau', 'Alan', 'Elliot']
['Victor', 'Finn', 'Abraham', 'Hayden', 'Joel', 'Avery', 'Graham', 'Matteo', 'Preston', 'Oscar']
['Marcus', 'Lorenzo', 'Zion', 'River', 'Nicolas', 'Judah', 'Kaden', 'Kyle', 'Peter', 'Kyrie']
['Brian', 'Jax', 'Paul', 'Colin', 'Javier', 'Israel', 'Jorge', 'Derek', 'Cayden', 'Griffin']
['Leon', 'Remington', 'Killian', 'Riley', 'Legend', 'Enzo', 'Francisco', 'Gunner', 'Andre', 'Damien']
['Phoenix', 'Kameron', 'Manuel', 'Louis', 'Finley', 'Nash', 'Cash', 'Rylan', 'Theo', 'Noah']
['Elijah', 'Michael', 'Matthew', 'Samuel', 'Jayden', 'Anthony', 'Julian', 'Mateo', 'Thomas', 'Jonathan']
['Asher', 'Hudson', 'Colton', 'Austin', 'Greyson', 'Bryson', 'Parker', 'Sawyer', 'Jameson', 'Axel']
['Wesley', 'Declan', 'Bennett', 'Kai', 'Carlos', 'Maddox', 'Kaiden', 'King', 'Malachi', 'Antonio']
['Xander', 'Brantley', 'Miguel', 'Steven', 'Zayden', 'Alejandro', 'Messiah', 'Mark', 'Emiliano', 'Myles']
['Thiago', 'Milo', 'Bradley', 'Matias', 'Josue', 'Arthur', 'Jake', 'Archer', 'Corbin', 'Simon']
['Chance', 'Tobias', 'Cody', 'Beckham', 'Reid', 'Benjamin', 'Ethan', 'Carter', 'Grayson', 'Aaron']
['Landon', 'Nolan', 'Elias', 'Cooper', 'Kayden', 'Vincent', 'Braxton', 'Diego', 'Ashton', 'Blake']
['Elliott', 'Grant', 'Jesse', 'Dawson', 'Paxton', 'Charlie', 'Beckett', 'Zander', 'Felix', 'Erick']
['Walter', 'Amari', 'Karson', 'Jacob', 'Dylan', 'Hunter', 'Jordan', 'Santiago', 'Harrison', 'Kingston']
['Jonah', 'Rhett', 'Maximus', 'Aidan', 'Holden', 'Emilio', 'Rafael', 'Henry', 'Theodore', 'Bentley']
['Calvin', 'August', 'Jaden', 'Tanner', 'Joshua', 'Emmett', 'Bryan', 'Ace', 'Ezekiel', 'Sean']
['Bryce']
