['Coraline', 'Charlize', 'Jahred', 'Khalee', 'Yaire', 'Sabastion', 'Sevren', 'Ron', 'Dereck', 'Jarem', 'Evia', 'Chyna', 'Mykaylah', 'Jamaine', 'Jovey', 'Eddieberto', 'Quentyn', 'Thadius', 'Crystina', 'Salif', 'Nethra', 'Amr', 'Chidi', 'Kenzington', 'Zamyah', 'Danyca', 'Keyvin', 'Iris', 'Jailon', 'Harlem']
['Kaushik', 'Kariana', 'Halo', 'Kamora', 'Kenzo', 'Janine', 'Jalyiah', 'Citlally', 'Adysen', 'Noami', 'Marik', 'Srinath', 'Guadalupe', 'Jatziry', 'Taye', 'Ilyn', 'Rielly', 'Merary', 'Satomi', 'Sevastian', 'Loni', 'Leighann', 'Veena', 'Dorcas', 'Sayd', 'Daxen', 'Kay', 'Cyris', 'Alayasia', 'Daxx']
['Detravion', 'Aylana', 'Taigen', 'Fabrizzio', 'Vyncent', 'Makyra', 'Jerel', 'Jos', 'Handsome', 'Ailene', 'Estephanie', 'Raymir', 'Keion', 'Dashun', 'Janesha', 'Takia', 'Tralaya', 'Gyzelle', 'Mailen', 'Seiry', 'Bright', 'Elway', 'Yarisbel', 'Ingrid', 'Abdoulaziz', 'Blaine', 'Kinzie', 'Ally', 'Kobe', 'Caliegh']
['Kirubel', 'Aarohi', 'Sussy', 'Kyston', 'Shahid', 'Lynia', 'Kaleo', 'Aman', 'Emilie', 'Sheniyah', 'Dhyan', 'Kemily', 'Jayme', 'Dusan', 'Margie', 'Tacori', 'Zolin', 'Yu', 'Alyze', 'Kitty', 'Nancy', 'Kenniyah', 'Jesus', 'Milene', 'Mylani', 'Thaddius', 'Zuzanna', 'Anagha', 'Mckaylin', 'Katalina']
['Bailynn', 'Jomary', 'Jacob', 'Jameisha', 'Alaija', 'Orren', 'Elysha', 'Abdulraheem', 'Joed', 'Suri', 'Aysenur', 'Soniah', 'Abhinav', 'Abaan', 'Tafari', 'Terriona', 'Jaquis', 'Jandre', 'Leni', 'Cliff', 'Shardae', 'Mumin', 'Bristol', 'Ettel', 'Liann', 'Dea', 'Lailani', 'Ryleeann', 'Rock', 'Alieyah']
['Zackrey', 'Osmin', 'Lakiyah', 'Hesham', 'Nishta', 'Meryl', 'Chanze', 'Carena', 'Dainen', 'Marcellius', 'Devaun', 'Derionna', 'Yarithza', 'Soriya', 'Nidhi', 'Shamaiya', 'Tam', 'Armita', 'Avielle', 'Aleiyah', 'Farah', 'Kairy', 'Jaeline', 'Thien', 'Deidre', 'Jekeria', 'Casandra', 'Jamiyla', 'Cisco', 'Zahriyah']
['Kayliann', 'Keemya', 'Dominika', 'Alainna', 'Treyson', 'Marrius', 'Trenise', 'Jaleesa', 'Dragon', 'Artyom', 'Tobechi', 'Jamear', 'Donnelle', 'Denize', 'Anastacio', 'Mikyla', 'Zoiee', 'Jesalyn', 'Raphael', 'Jaleena', 'Antonin', 'Khamil', 'Aley', 'Avigail', 'Jarrell', 'Shanaiya', 'Azeriah', 'Juliano', 'Siena', 'Ramses']
['Sameeha', 'Julia', 'Dajana', 'Sashya', 'Leilah', 'Brinleigh', 'Byron', 'Fe', 'Zykerria', 'Kaeley', 'Tayseer', 'Gauge', 'Coi', 'Griffon', 'Ebany', 'Abdulrehman', 'Mezmariah', 'Aibhilin', 'Akasha', 'Noha', 'Jebediah', 'Eleah', 'Farha', 'Trystian', 'Rayne', 'Mariaelena', 'Adaley', 'Shiala', 'Feven', 'Dairon']
['Deriyon', 'Jaydah', 'Delisha', 'Deedra', 'Jaimarie', 'Jamonte', 'Niemah', 'Rosalio', 'Rohil', 'Zinia', 'Zayquan', 'Jdan', 'Salmaan', 'Jeru', 'Kirrah', 'Larry', 'Oviya', 'Matt', 'Elisah', 'Sincere', 'Lauralynn', 'Lada', 'Adaisha', 'Eliziah', 'Ayahna', 'Marck', 'Kvaughn', 'Braeley', 'Gracia', 'Jalilah']
['Merissa', 'Vivica', 'Abriyana', 'Ancel', 'Hallei', 'Adriene', 'Tasi', 'Tanyla', 'Dhalia', 'Marcellino', 'Cynae', 'Delara', 'Adanna', 'Venezia', 'Aanyah', 'Doyle', 'Andriy', 'Gor', 'Tobias', 'Jema', 'Aryeh', 'Gwendolynn', 'Cylah', 'Nakeya', 'Desteni', 'Gertrude', 'Evangelyne', 'Dyami', 'Benito', 'Litsy']
['Mircale', 'Helaman', 'Masud', 'Lamariah', 'Kyo', 'Natasia', 'Liat', 'Eeliyah', 'Shakila', 'Mylie', 'Anela', 'Jezzelle', 'Jahlen', 'Khila', 'Yavian', 'Amonti', 'Kellon', 'Charlett', 'Lazaria', 'Ameerah', 'Shy', 'Casondra', 'Oluwatobi', 'Jazir', 'Marifer', 'Britnee', 'Khloee', 'Serra', 'Jeremias', 'Shelbee']
['Spartan', 'Carsten', 'Dessie', 'Navia', 'Giankarlo', 'Fidel', 'Lilyonna', 'Analiah', 'Endi', 'Marwan', 'Inaki', 'Fox', 'Mikaelah', 'Taegan', 'Jerriah', 'Lizmari', 'Ganon', 'Kaymarie', 'Nohely', 'Brenya', 'Sihaam', 'Carine', 'Natsumi', 'Apollonia', 'Mylez', 'Isaak', 'Anadalay', 'Guy', 'Sinia', 'Marialy']
['Timia', 'Coulson', 'Shamiyah', 'Kalum', 'Ori', 'Dell', 'Maude', 'Reynaldo', 'Montana', 'Brydan', 'Alyiana', 'Donnovan', 'Trinitey', 'Shannel', 'Anouk', 'Katarina', 'Giannie', 'Markise', 'Monserath', 'Deliany', 'Quintavious', 'Jamaad', 'Bow', 'Lilienne', 'Hannelore', 'Leib', 'Azzareya', 'Tajuan', 'Vanesa', 'Nakaya']
['Renyah', 'Jasiya', 'Aizik', 'Ahnaya', 'Tralyn', 'Saheim', 'Haya', 'Yonason', 'Hakop', 'Shalonda', 'Kenzlie', 'Michai', 'Cordai', 'Camill', 'Jaquan', 'Kaira', 'Nakari', 'Selena', 'Miley', 'Rey', 'Tayyab', 'Raeleigh', 'Johnavan', 'Sydelle', 'Merlina', 'Bailei', 'Ellarie', 'Jax', 'Shamyia', 'Azavier']
['Artie', 'Jersi', 'Kaymi', 'Arsalan', 'Xaviel', 'Lealand', 'Nitzia', 'Zyeir', 'Sharlene', 'Mikea', 'Hayven', 'Amor', 'Shanell', 'Hashem', 'Tahir', 'Jabes', 'Kapena', 'Nalaya', 'Malaja', 'Asa', 'Atika', 'Jakelin', 'Colie', 'Vedika', 'Kensleigh', 'Nayara', 'Demetreus', 'Tashvi', 'Mikelle', 'Emree']
['Emmanuela', 'Keni', 'Aayana', 'Asha', 'Antrone', 'Alison', 'Mykenna', 'Samauri', 'Vinnie', 'Yajahira', 'Cicily', 'Jaaziah', 'Hugo', 'Prakruti', 'Treyonna', 'Stafford', 'Jemiah', 'Seleen', 'Jasahn', 'Gunther', 'Antwane', 'Lukis', 'Kimball', 'Marnae', 'Sagan', 'Emmely', 'Kameryn', 'Rexford', 'Olive', 'Amritha']
['Tyannah', 'Michaell', 'Keili', 'Keyin', 'Stefanny', 'Ricky', 'Basha', 'Anwesha', 'Sanae', 'Jirah', 'Zaahir', 'Laticia', 'Larrissa', 'Kaeleen', 'Serenety', 'Jophy', 'Davidjr', 'Ishmel', 'Adeleine', 'Quintasia']
[]
[]
[]
[]
[]
[]
[]
[]
[]
[]
[]
[]
[]
[]
[]
[]
[]
[]
[]
[]
[]
[]
[]
[]
[]
[]
[]
[]
[]
[]
