['Anna', 'Ryan', 'Nicole', 'Thomas', 'Pamella', 'Joseph', 'Debra', 'Myron', 'Mary', 'Tara', 'Roberto', 'Rolf', 'Rosie', 'Karren', 'Irving', 'Shirley', 'Kylie', 'Kirk', 'Ann', 'Jose', 'Paul', 'Fernando', 'Mike', 'Adam', 'Steven', 'Miguel', 'Catherine', 'Marilyn', 'Edwin', 'Warren', 'Marie', 'Karen', 'Robyn', 'Mabel', 'Marlene', 'Dennis', 'Booker', 'Beverly', 'Pete', 'Ernest', 'Cheryl', 'Leticia', 'Donna', 'Loraine', 'Judith', 'Stephanie', 'Lena', 'Alvin', 'Barbara', 'Mack', 'Marjorie', 'Ruby', 'Hugh', 'Kathleen', 'Glen', 'Everett', 'Jeffrey', 'Kristine', 'Robin', 'Joann', 'Frank', 'Walter', 'Victor', 'Berta', 'Bertha', 'Marlin', 'Sylvia', 'Melanie', 'Derrick', 'Moses', 'Heather', 'Juanita', 'Adele', 'Linda', 'Freda', 'Reginald', 'Leona', 'Ralph', 'Travis', 'Marian', 'Lessie', 'Hedwig', 'Eura', 'Jesus', 'Gladys', 'Paula', 'Therese', 'Beth', 'Matt', 'Wesley', 'Diana', 'Anthony', 'Pablo', 'Emery', 'Peter', 'Quintin', 'Toni', 'Raymond', 'Nelson', 'Jodi', 'Phillip', 'Sarita', 'Tommy', 'Gail', 'Leigh', 'Herbert', 'Veronica', 'Stephen', 'Deborah', 'Steve', 'Don', 'Jorge', 'Wilma', 'Kellie', 'Kathryn', 'Georgette', 'Wallace', 'Doris', 'Carlos', 'Jacob', 'Joshua', 'Domingo', 'Josephine', 'Ernestine', 'Gloria']
['Harvey', 'Cassandra', 'Eugenia', 'Mildred', 'Ivonne', 'Fred', 'Wendy', 'Ouida', 'Rosalee', 'Winnifred', 'Danielle', 'Imogene', 'Andrea', 'Frederick', 'Reggie', 'Rick', 'Ellen', 'Clayton', 'Lahoma', 'Wilson', 'Jeffery', 'Cassie', 'Lucy', 'Lyle', 'Bethany', 'Burl', 'Timothy', 'Caridad', 'Miles', 'Beulah', 'Theresa', 'Monica', 'Grant', 'Raphael', 'Seth', 'Maryann', 'Norma', 'Danny', 'Leanne', 'Patricia', 'Ronald', 'Rachel', 'Ray', 'Tim', 'Charles', 'Martin', 'William', 'Michael', 'Stanley', 'Winifred', 'Mae', 'Melissa', 'Norman', 'Shannon', 'Lane', 'Christine', 'Cindy', 'Margaret', 'Crystal', 'Tamika', 'Jessica', 'Laurie', 'Donald', 'Glenna', 'Brian', 'Latisha', 'Jennifer', 'Brenda', 'Clyde', 'Samuel', 'Deanna', 'Elizabeth', 'Emily', 'Raul', 'Annalee', 'April', 'Roberta', 'Lillian', 'Darlene', 'Sylvester', 'Judy', 'Terry', 'Elsie', 'Maria', 'Inez', 'Bradley', 'Audrey', 'Dale', 'Dorothea', 'Polly', 'Fredda', 'Kisha', 'Reuben', 'Patrick', 'Lloyd', 'Jimmy', 'Phyllis', 'Willie', 'Eva', 'Maureen', 'Theodore', 'Lana', 'Rebecca', 'Lilian', 'Cecile', 'Louis', 'Nina', 'Bernard', 'Alfred', 'Rhonda', 'Marco', 'Erik', 'Susanna', 'Randolph', 'Dean', 'Sofia', 'Viola', 'Gary', 'Edward', 'Bessie', 'Eleanor', 'Ronda', 'Helen', 'George', 'Teresa']
['Sally', 'Lisha', 'Harold', 'Antonio', 'Carmen', 'Selina', 'Margarito', 'Sharon', 'Carol', 'Krysten', 'Geraldine', 'Philip', 'Darrell', 'Nancy', 'Francisco', 'Marcella', 'Joanne', 'Andre', 'Carole', 'Jean', 'Ana', 'Craig', 'Rosalyn', 'Tanya', 'Ellis', 'Raeann', 'Natalie', 'Clarence', 'Christina', 'Gilda', 'Laura', 'Ingeborg', 'Calvin', 'Ashley', 'Matthew', 'Chris', 'Jonathan', 'Kerrie', 'Stephany', 'Emmie', 'Ward', 'Kristin', 'Molly', 'Roy', 'Douglas', 'Kelly', 'Mario', 'Dawn', 'Nola', 'Bobby', 'Bonnie', 'Susan', 'Cory', 'Corey', 'Eric', 'Ursula', 'Peggy', 'Angelica', 'Andres', 'Alice', 'Gwen', 'Marcelino', 'Amos', 'Jeanine', 'Gerardo', 'Selma', 'Pat', 'David', 'James', 'Albert', 'Vella', 'Tracy', 'Ollie', 'Jane', 'Del', 'Bruce', 'Stacie', 'Juan', 'Roosevelt', 'Thelma', 'Suzie', 'Lulu', 'Lewis', 'Lynne', 'Eugene', 'Wayne', 'Derek', 'Daniel']
['Kim']
['Pauline']
['Alison']
['Tuan']
['Scot']
['Annette']
['John']
['Roger']
['Katherine']
['Brandon']
['Cathy']
['Connie']
['Sam']
['Martha']
['Alicia']
['Glennie']
['Charlotte']
['Kaitlyn']
['Janet']
['Curtis']
['Stacy']
['Joe']
['Rosa']
['Larry']
['Pamela']
['Ruth']
['Morris']
['Janene']
['Alex']
['Morgan']
['Kimberly']
['Myriam']
['Lori']
['Jacque']
['Sherri']
['Troy']
['Dorothy']
['Gordon']
['Marion']
['Rafael']
['Belinda']
['Sheryl']
['Ricky']
['Jeremy']
['Christian']
['Evelyn']
['Cesar']
['Will']
['Robert']
['Mireya']
['Michele']
['Virginia']
['Richard']
['Marquerite']
['Fredrick']
['Kerri']
['Mark']
['Tony']
['Garrett']
['Christopher']
['Angela']
['Joni']
['Lucie']
['Cornelius']
['Gertrude']
['Jeff']
['Lorraine']
['Guy']
['Blair']
['Margert']
['Carmelita']
['Justin']
['Dawna']
['Gerald']
['Betty']
['Lydia']
['Dana']
['Cecilia']
['Lucille']
['Willis']
['Jayme']
['Amy']
['Olivia']
['Jo']
['Gregory']
['Andrew']
['Ida']
['Priscilla']
['Elia']
['Lonnie']
['Mable']
['Michelle']
['Irene']
['Alexander']
['Jason']
['Jesse']
['Esther']
['Kevin']
['Arturo']
['Lawrence']
['Carl']
['Keri']
['Kenneth']
['Laurence']
['Constance']
['Wanda']
['Clarissa']
['Reinaldo']
