['Carson', 'Nicole', 'Yevette', 'Byron', 'Hilario', 'Kurtis', 'Chan', 'Zoraida', 'Tarah', 'Ok', 'Piedad', 'Kristopher', 'Jeremy', 'Tressa', 'Angeline', 'Clinton', 'Deana', 'Kristi', 'Marci', 'Clarence', 'Darnell', 'Mariette', 'Dorene', 'Saul', 'Pinkie', 'Darwin', 'Eugene', 'Tiffani', 'Zena', 'Kendall']
['Sharlene', 'Marvin', 'Annabel', 'Princess', 'Olevia', 'Horace', 'Rachel', 'Alexa', 'Millicent', 'Felix', 'Cortney', 'Refugio', 'Whitney', 'Claudie', 'Marquitta', 'Madison', 'Dong', 'Carmon', 'Tina', 'Xuan', 'Inga', 'Clifton', 'Xavier', 'Gerardo', 'Beverley', 'Clarissa', 'Jan', 'Lucas', 'Heide', 'Ryann']
['Toya', 'Elena', 'Ema', 'Hiroko', 'Loura', 'Eve', 'Helene', 'Lamonica', 'Sharell', 'Earnest', 'Oneida', 'Ron', 'Cassie', 'Dusti', 'Danita', 'An', 'Kay', 'Sherwood', 'Lana', 'Kyung', 'Joanne', 'Martin', 'Elvia', 'Alethia', 'Bonnie', 'Rima', 'Garret', 'Louella', 'Jade', 'Lorelei']
['Savanna', 'Lilly', 'Lue', 'Son', 'Laticia', 'Alton', 'Winford', 'Doyle', 'Caitlyn', 'Lasonya', 'Shonda', 'Reita', 'Gisela', 'Destiny', 'Phylis', 'Margart', 'Odell', 'Antoinette', 'Latia', 'Shelton', 'Aaron', 'Dewitt', 'Roxane', 'Kylie', 'Claretha', 'Laraine', 'Amada', 'Randa', 'Retta', 'Arcelia']
['Kimbra', 'Irma', 'Rachael', 'Kitty', 'Chun', 'Ocie', 'Kasey', 'Garland', 'Naida', 'Eustolia', 'Marquis', 'Tamisha', 'Emmanuel', 'Stephani', 'Carolee', 'Marvis', 'Rolando', 'Raul', 'Valorie', 'Joan', 'Elicia', 'Robert', 'Alicia', 'Dewayne', 'Charisse', 'Raleigh', 'Honey', 'Jefferey', 'Tracie', 'Marcella']
['Alvera', 'Hillary', 'Debora', 'Oscar', 'Miranda', 'Treena', 'Marlo', 'Alane', 'Joelle', 'Leila', 'Glenda', 'Irena', 'Adah', 'Delmar', 'Vernia', 'Rodrigo', 'Flavia', 'Glenna', 'Chas', 'Charmaine', 'Jina', 'Orval', 'Meagan', 'Alex', 'Eloisa', 'Annamarie', 'Aretha', 'Kim', 'Rosalee', 'Vivien']
['Jeffrey', 'Trena', 'Lezlie', 'Theo', 'Rosalba', 'Grant', 'Travis', 'Ella', 'Wes', 'Bertha', 'Jami', 'German', 'Michaela', 'Hassan', 'Nieves', 'Leilani', 'Alvin', 'Lauren', 'Marilynn', 'Logan', 'Verona', 'Clara', 'Porter', 'Chang', 'Hayden', 'Riley', 'Gerard', 'Lola', 'Griselda', 'Kelly']
['Kris', 'Jacque', 'Johnny', 'Lizabeth', 'Sharilyn', 'Renetta', 'Altagracia', 'Edmond', 'Imogene', 'Pearlie', 'Jay', 'Sharan', 'Nathalie', 'Nadia', 'Oswaldo', 'Florencio', 'Hortense', 'Lucia', 'Elfrieda', 'Dagmar', 'Hershel', 'Tameika', 'Lashay', 'Fanny', 'Sheldon', 'Camelia', 'Chester', 'Eufemia', 'Enola', 'Cleotilde']
['Marcie', 'Russell', 'Kareem', 'Florinda', 'Audie', 'Stanley', 'Jesus', 'Marion', 'Lyn', 'Freddie', 'Percy', 'Sharla', 'Alexandra', 'Merrill', 'Hui', 'Naomi', 'Alfred', 'June', 'Vincenzo', 'In', 'Latoya', 'Leontine', 'Osvaldo', 'Elenora', 'Loren', 'Chance', 'Joye', 'Louise', 'Darrel', 'Janetta']
['Dora', 'Artie', 'Clarinda', 'Nickolas', 'Mariah', 'Isabel', 'Loria', 'Jama', 'Clarice', 'Tanisha', 'Neida', 'Harvey', 'Cristi', 'Terry', 'Jennie', 'Frederic', 'Kirstin', 'Murray', 'Selma', 'Tai', 'Renea', 'Vernon', 'Lyndon', 'Taneka', 'Antonette', 'Mariano', 'Tamala', 'Houston', 'Spencer', 'Almeta']
['Dion', 'Trey', 'Antonina', 'Lisa', 'Junior', 'Jae', 'Christiane', 'Esperanza', 'Deirdre', 'Tammi', 'Tyisha', 'Brendon', 'Allena', 'Oma', 'Elliott', 'Ambrose', 'Shavon', 'Danial', 'Elvie', 'Angella', 'Clyde', 'Hyun', 'Shaun', 'Marcos', 'Anabel', 'Randall', 'Rita', 'Susan', 'Nohemi', 'Easter']
['Dorthea', 'Vada', 'Leonida', 'Herlinda', 'Leonard', 'Stanford', 'Jeanette', 'Milissa', 'Pa', 'Susannah', 'Juliet']
[]
[]
[]
[]
[]
[]
[]
[]
[]
[]
[]
[]
[]
[]
[]
[]
[]
[]
