['AEQ', 'AER', 'AFO', 'AFP', 'AKV', 'AKW', 'ADO', 'ADP', 'AGB', 'AGC', 'ABT', 'ABU', 'AIU', 'AIV', 'AGJ', 'AGK', 'AGY', 'AGZ', 'AMU']
['AES', 'AFQ', 'AKX', 'ADQ', 'AGD', 'ABV', 'AIW', 'AGL', 'AHA', 'AMV', 'AMW', 'AHD', 'AHE', 'AMF', 'AMG', 'ACU', 'ACV', 'AGA', 'ABS']
['AHF', 'AMH', 'ACW', 'AIJ', 'AIK', 'ALL', 'ALM', 'AON', 'AOO', 'AAB', 'AAC', 'AGV', 'AGW', 'APO', 'APP', 'ANG', 'ANH', 'AJS', 'AJT']
['AIL', 'ALN', 'AOP', 'AAD', 'AGX', 'APQ', 'ANI', 'AJU', 'AIB', 'AIC', 'AHW', 'AHX', 'ALO', 'ALP', 'ALD', 'ALE', 'AEF', 'AEG', 'AKN']
['AID', 'AHY', 'ALQ', 'ALF', 'AEH', 'AKO', 'AKP', 'ALT', 'ALU', 'AIX', 'AND', 'ANE', 'ADH', 'ADI', 'AFW', 'AFX', 'AJD', 'AJE', 'AFG']
['ALV', 'ANF', 'ADJ', 'AFY', 'AJF', 'AFH', 'AFI', 'AJK', 'AJL', 'ALK', 'ACR', 'ACS', 'AMA', 'AMB', 'AEZ', 'AFA', 'AKZ', 'ALA', 'ABW']
['AJM', 'ACT', 'AMC', 'AFB', 'ALB', 'ABX', 'ABY', 'AOE', 'AOF', 'ANL', 'ANM', 'AIZ', 'AJA', 'AIE', 'AIF', 'AAE', 'AAF', 'AOV', 'AOW']
['AOG', 'ANN', 'AJB', 'AIG', 'AAG', 'AOX', 'AFL', 'AFM', 'ADR', 'AEE', 'AEU', 'AEV', 'AEX', 'APG', 'APH', 'ABC', 'ABD', 'ADT', 'ADU']
['AFN', 'AEW', 'API', 'ABE', 'ADV', 'ALS', 'ALH', 'ALI', 'AJW', 'AJX', 'AKU', 'AFT', 'AFU', 'AQA', 'AQB', 'ADG', 'AFZ', 'AAY', 'AAZ']
['ALJ', 'AJY', 'AFV', 'AQC', 'ABA', 'APS', 'APT', 'AJC', 'ACZ', 'ADA', 'ABB', 'ACF', 'ACG', 'AKJ', 'AKK', 'AOR', 'AOS', 'AQI', 'AQJ']
['APU', 'ADB', 'ACH', 'AKL', 'AOT', 'AQK', 'AKB', 'AKC', 'AMZ', 'ANA', 'ANX', 'ANY', 'ANK', 'ADS', 'AQF', 'AQG', 'AAH', 'AII', 'AIR']
['AKD', 'ANB', 'ANZ', 'AQH', 'AIS', 'AIT', 'AJO', 'AJP', 'AGQ', 'AGR', 'AHO', 'AHP', 'AJN', 'AMI', 'AMJ', 'AOH', 'AHK', 'AHL', 'ACA']
['AJQ', 'AGS', 'AHQ', 'AMK', 'AHM', 'ACB', 'ACC', 'AKF', 'AKG', 'AOJ', 'AOK', 'AAN', 'AAO', 'ANP', 'ANQ', 'ADK', 'ADL', 'AEA', 'AEB']
['AKH', 'AOL', 'AAP', 'ANR', 'ADM', 'AEC', 'AAI', 'AAJ', 'AMX', 'AMD', 'APD', 'APE', 'AIY', 'AJG', 'AJH', 'AEM', 'AEN', 'APX', 'APY']
['AAK', 'APF', 'AJI', 'AEO', 'APZ', 'AHT', 'AHU', 'AQN', 'ABP', 'ABQ', 'APJ', 'ANS', 'ANT', 'ABK', 'ABL', 'ANV', 'AIH', 'AHZ', 'APK']
['AHV', 'AQO', 'ABR', 'ANU', 'ABM', 'APL', 'APM', 'ABG', 'ABH', 'AFC', 'AFD', 'AAQ', 'AAR', 'AMN', 'AMO', 'ABZ', 'AAM', 'ACN', 'ACO']
['ABI', 'AFE', 'AAS', 'AMP', 'ACP', 'AFS', 'AGI', 'ABJ', 'ADX', 'ADY', 'AHB', 'ACY', 'ADN', 'AIN', 'AIO', 'APC', 'APN', 'ALW', 'ALX']
['ADZ', 'AIP', 'ALY', 'ABO', 'AOA', 'AOB', 'AHC', 'ABF', 'ACQ', 'APW', 'AOZ', 'APA', 'AEY', 'ALR', 'AED', 'AEP', 'AAL', 'ANC', 'AKY']
['AOC', 'APB', 'ALC', 'AHN', 'AHS', 'AAA', 'ABN', 'AOQ', 'ADD', 'ADE', 'AKQ', 'AKR', 'AKE', 'AFJ', 'ANJ', 'AKM', 'ACJ', 'ACK', 'AEJ']
['ADF', 'AKS', 'ACL', 'AEK', 'AEL', 'AOY', 'AGT', 'ADC', 'AGM', 'AGN', 'AIQ', 'AMR', 'AMS', 'ANW', 'AGU', 'AKA', 'AKT', 'AJJ', 'AJZ']
['AGO', 'AMT', 'AMQ', 'AKI', 'AMY', 'AQD', 'AOU', 'AAV', 'AAW', 'ACI', 'AQE', 'AIA', 'AHR', 'AAT', 'ACD', 'AJV', 'AQM', 'ALZ', 'AJR']
['AAX', 'AML', 'AEI', 'AOM', 'AGE', 'AGF', 'APV', 'AHG', 'AHH', 'ANO', 'AFF', 'AFK', 'AMM', 'ADW', 'AOI', 'ACE', 'ACM', 'AGH', 'AME']
['AGG', 'AHI', 'AOD', 'APR', 'AIM', 'AQL', 'AHJ', 'ALG', 'ACX', 'AFR', 'AAU', 'AET', 'AGP']
