['PQEKQ', 'QQCGU', 'ZMCMD', 'FXFHY', 'CYVWU', 'LCGFN', 'AUIRW', 'IHIWD', 'LYSRO', 'UMQRP', 'KZBFF', 'FIPGX', 'DDGZR', 'XHKTV', 'MBBZL', 'CRSZF', 'GWEZA', 'XYABI', 'FMFZO', 'QHQUF', 'IVYZR', 'SCMKV', 'LMDUZ', 'DOYMU', 'HAPCQ']
['CASYZ', 'YHWVK', 'KXFFP', 'CSGGY', 'ABQJV', 'DBPXU', 'NRRFB', 'SEJRA', 'RAAAY', 'CZQAC', 'YPSZJ', 'AZDHE', 'XQYCU', 'TPIXY', 'TLAOJ', 'TQUPW', 'UTYHJ', 'ZMWJB', 'CYMCE', 'SAOVB', 'QJUJE', 'DAPHY', 'JGGQM', 'RMNKI', 'LYFLA']
['ZOVBE', 'DBXJE', 'RUSXV', 'ELRTK', 'XQQNM', 'RRDGL', 'NHZCJ', 'OJTYX', 'BHECC', 'EBQJA', 'NPJSC', 'OBCSZ', 'ZCMCP', 'EXERI', 'SDCRN', 'FLAIE', 'LFYYV', 'AEXQY', 'FQYNK', 'BKFQR', 'KDMQW', 'ZPWCF', 'CWKNX', 'METWY', 'IEEVC']
['YYNPW', 'LHFOM', 'PPAYR', 'GKLKQ', 'JRNKY', 'VBXTL', 'DTPHQ', 'ROVKN', 'MUUIL', 'IQLHD', 'AALPZ', 'SOVUQ', 'LVMLT', 'FBZDZ', 'HUNXU', 'XIGOI', 'WNDOP', 'QVEIA', 'USRDK', 'TJFHX', 'SLYUO', 'GAUGX', 'XLWDU', 'RLKNU', 'DZGQX']
['PARXO', 'UOYAH', 'FIUZZ', 'NEQMO', 'NGBWQ', 'TJLUN', 'GXAOE', 'UXUZX', 'RSFHX', 'BEFRL', 'SUEUT', 'MTXFY', 'CXMEP', 'PKECO', 'IOHXF', 'DREMQ', 'BSOUP', 'TMCLZ', 'FESAS', 'MSZXR', 'PUFAY', 'WLODL', 'GDZSX', 'ABAQL', 'TYYLF']
['CRKWH', 'DNOMK', 'DYIYS', 'TEYRZ', 'CYRFR', 'WNGHY', 'QBGLN', 'DPJHM', 'PPBBM', 'SSWHW', 'PEIBF', 'HAYKV', 'UDFVU', 'FYAYI', 'KGDBH', 'XTFTT', 'BBDFQ', 'PADSR', 'VGWZF', 'GPHCZ', 'XGCQB', 'FRHWO', 'PBEOM', 'YVMFJ', 'SUNJN']
['VLACB', 'NHBOU', 'BHFJC', 'PRFNT', 'PAVOS', 'QUGAX', 'MMHOG', 'KIEKF', 'JCWPV', 'LGPGN', 'XZTVE', 'QFZCO', 'QYCKH', 'FKSNY', 'ZUYFN', 'ELBRQ', 'VSARS', 'CHCYT', 'REVQE', 'VYUHL', 'GRIBM', 'KQZVU', 'QLDQR', 'TJTMV', 'RQZDB']
['QFSQF', 'BFHEV', 'PREHL', 'HVAAR', 'GNDQJ', 'JXKSJ', 'OYGNB', 'MRNHH', 'RWOPE', 'VLXZD', 'YSBTR', 'KBDMG', 'GZWND', 'GJCQK', 'OVNTP', 'UZTYA', 'GFWZF', 'VWLQP', 'LEYDX', 'QBYJR', 'KCWNV', 'QACAX', 'NMUXG', 'VQTXV', 'JDDRN']
['SHEUT', 'UYUIP', 'FHCPP', 'GKYTD', 'ZRLGV', 'SYRST', 'FYSSP', 'DOXUP', 'ADKIG', 'DUQLN', 'WNBOI', 'ZXEUD', 'YTXXV', 'QNXTS', 'BCTKV', 'SACPU', 'XMZUX', 'YTTKI', 'JLETC', 'DJQYY', 'GKPPL', 'ERXLL', 'UEFBC', 'VQUBW', 'NCXIY']
['HDFES', 'PPGSA', 'NMWYK', 'VFXSF', 'BWKXY', 'JPLIB', 'ENWEC', 'EHCWU', 'EFPNV', 'WAZOJ', 'RFDDK', 'XVOGO', 'ASGXO', 'PQYKQ', 'YRTTG', 'IUTYE', 'UNSUE', 'EXSFL', 'JCAYK', 'OENOT', 'BVKPC', 'IDOHH', 'XBVDI', 'SEVGN', 'VKBEF']
['XMJJP', 'IBFSE', 'BCKDA', 'VGTYI', 'IYGUJ', 'VSEBO', 'KTXRI', 'VUPAV', 'NKLCQ', 'NZQNY', 'BMNGE', 'RISKG', 'JGBOH', 'TIZZI', 'WFPUN', 'NCWPX', 'JFKWJ', 'XQUPB', 'VFWVV', 'QSAIM', 'LQGAI', 'FKMPO', 'UQJJY', 'QMJUD', 'CWZDH']
['KEDYT', 'STZIM', 'AIWJE', 'DWGDE', 'SPROB', 'SURGB', 'VISUM', 'RDCHE', 'HOCJP', 'AHXXM', 'TDICM', 'ZKMSA', 'ZOHDS', 'GUJWH', 'GUJWW', 'SIWEE', 'NLQWV', 'NSSHB', 'NZQKM', 'DRVVY', 'YTVYR', 'POXWS', 'PHXOS', 'CSILO', 'HGAWC']
['ZNTDR', 'CZNRV', 'WTMZW', 'KFWQL', 'JGIMA', 'BXGAG', 'NLQQX', 'FSIEJ', 'HIBFR', 'OYLVF', 'DQJYE', 'RNMID', 'YVULZ', 'MIMWO', 'YMAKV', 'EFRTR', 'OHEWR', 'EIALG', 'PUJOM', 'URMYA', 'WEYKU', 'GPKTZ', 'CCHLM', 'YIQHC', 'KEPXD']
['JEHBC', 'IAASE', 'ILRGH', 'DWCIC', 'IPMBX', 'RRFYM', 'MCVPN', 'BBIGY', 'AQEWE', 'AAEBS', 'GAQXI', 'IYMNE', 'FMMZU', 'LJQBN', 'HKSDK', 'MQEVZ', 'XGXRC', 'FSYHN', 'XYVAU', 'QZGLO', 'EYYNC', 'QXETJ', 'UHIOD', 'PBAWW', 'PUWYW']
['ZZKGQ', 'NCCJD', 'JCTBB', 'CTLHM', 'TLKIE', 'AEHLI', 'OEEYW', 'FFZNI', 'UTQPU', 'LCYZY', 'PDSZU', 'JJDHO', 'MLWLT', 'HZGVK', 'AXIHL', 'PCOTH', 'VHWPC', 'BXGFY', 'VKHOX', 'VCMUY', 'EAHZI', 'LPRGT', 'UMQSO', 'FIBZD', 'RCWOS']
['GBEQY', 'WHBFR', 'GUGKR', 'TKEWX', 'SSZXS', 'ZRFKN', 'JECON', 'WWCYP', 'SMDTK', 'MCXWP', 'VUTIQ', 'RWIWJ', 'LBYAL', 'VZFUK', 'KRMMY', 'IXEZM', 'YKOFS', 'VZNGS', 'VNIQM', 'GKOUL', 'KCPYN', 'WTAGZ', 'WGNBW', 'QMBKL', 'EPEAQ']
['NNLIE', 'OMNEY', 'VNNEP', 'QJRDV', 'JTKTH', 'ENHUS', 'XOUQG', 'SWZLI', 'HAKPT', 'RKMOC', 'REFDA', 'WMAOH', 'STJMV', 'YPRRC', 'NKEPZ', 'SLHLJ', 'VVMSW', 'JAGAT', 'AXICB', 'TPIHD', 'ZLMYN', 'IPLJJ', 'GJYBX', 'HKBNA', 'NTGQJ']
['ZNEQL', 'NLPHM', 'JMPSL', 'PKUWP', 'LMZAF', 'QSIZR', 'DFZLH', 'TWVAR', 'KEUTQ', 'FRVNO', 'NZAXS', 'RSYQC', 'UPNVV', 'ZYEMW', 'OPZLD', 'BREAU', 'JFOPY', 'XADCG', 'YQBLY', 'GRUYQ', 'HXGTU', 'PSMNV', 'SPSXT', 'VUZHE', 'GPAYG']
['FWTXB', 'VMRKJ', 'XPMAC', 'KSGPB', 'WZJYQ', 'POYSB', 'XDBSH', 'RMHZI', 'JWNLZ', 'OZSQX', 'RZJZX', 'JLTJR', 'UDEWT', 'EWIJA', 'FWKYL', 'LESUW', 'LRCXZ', 'JMNIF', 'EGYBS', 'XOUQM', 'VXNNV', 'EIREK', 'SEUJM', 'WEDAM', 'RVMXY']
['FPFHY', 'ZSYGC', 'ALNHK', 'FIIIX', 'KDZDK', 'UHFXM', 'FCFIW', 'BNPMH', 'TARGC']
['DFNDO']
['BOOKC']
['JPWDA']
['PDNXQ']
['CALHI']
['MQWLN']
['OXZCV']
['LQJNK']
