['QSYML', 'ACJRU', 'EADHZ', 'HGJEC', 'OVYDG']
['TAHXC', 'YWCZV', 'ZHVLK', 'AWDBE', 'HNXEZ']
['INTFC', 'OKPQW', 'SYIZZ', 'ABYHN', 'SZXFW']
['WLCAR', 'XXRUC', 'CPTCX', 'GBGAG', 'VYDDY']
['XIDUV', 'ALMIE', 'BJTHH', 'DFBMK', 'EHHWX']
['UGVLA', 'KSCIB', 'VNVFZ', 'WSVIR', 'NUSHB']
['SRFIJ', 'VSPLU', 'ZCVZT', 'VLQCW', 'CIUZU']
['IVZGD', 'PABIC', 'ENWEP', 'NSDMC', 'QQUYY']
['ZEPYJ', 'CSQHY', 'GJRAV', 'JHGWB', 'YBAFX']
['KUMCW', 'AICHQ', 'BEIFF', 'NLRBO', 'BBVXC']
['QUECI', 'SROSJ', 'MRXML', 'OCOQX', 'QGRPC']
['WAQDW', 'NDLFM', 'UBCVC', 'VFFHE', 'CBJEL']
['DKHZJ', 'MXBHP', 'VQDCT', 'WUTXG', 'ARMIC']
['FDGQA', 'SKBJW', 'TBPZM', 'GNCHO', 'JXGHX']
['NKCOJ', 'QECFT', 'XUHAP', 'EYFRR', 'HNKDE']
['IXMQO', 'UCLPW', 'CCNPM', 'FXUHH', 'EFKRH']
['OXRUQ', 'JOZYK', 'ORRXP', 'XWMKT', 'QPVND']
['SEYUH', 'BNYBV', 'DLKKW', 'DVRRV', 'TFEWH']
['XNYRJ', 'CBNUD', 'MQDQQ', 'PECLI', 'QGGOH']
['SVMGK', 'GWJWE', 'TLZCG', 'WPGRW', 'DSQUZ']
['TFGVT', 'PKHDM', 'MXMMA', 'PTRTD', 'CIOFH']
['MEKWP', 'AGDTK', 'LYGHF', 'MIKDS', 'XCTJB']
['BVCTY', 'GCQTP', 'RURLC', 'CIPCP', 'EWNSH']
['UHOTV', 'WOIJX', 'NSAJQ', 'VXIFI', 'VXLZU']
['EBLCO', 'QCRLR', 'QNUDR', 'TKJBK', 'GEQFC']
['KPECP', 'MYAVD', 'WJIWZ', 'CLLNQ', 'ENKVR']
['LBKGE', 'HWSJL', 'SHLYA', 'VPSEI', 'IGQNP']
['OXRDD', 'UDTFQ', 'RCZHM', 'RUGKU', 'XBTFE']
['ZJQQO', 'YXPNV', 'BWWYB', 'HTJHJ', 'KCHSD']
['IZMEQ', 'JTHWI', 'CVNCZ', 'NVSYK', 'NWAHL']
['OQSOU', 'TKYGG', 'IRNCA', 'AXQPJ', 'VTOZN']
['UJESQ', 'XFNKQ', 'DUAEB', 'PVVAV', 'KHNJL']
['RMUXW', 'RUYNY', 'KXUES', 'BNJLP', 'FCWUA']
['FGDHQ', 'QQXNO', 'ZJNIT', 'CIBMR', 'TVCFA']
['VGUGP', 'WNYYG', 'CHIJG', 'JMYIA', 'OJGET']
['OLFRP', 'EOCJX', 'WGGGP', 'WJAIQ', 'CPJBS']
['GOXXP', 'RQZPM', 'OKQTW', 'TEFPC', 'APXMD']
['ZIJNW', 'DSUJE', 'KGIPC', 'FEUEQ', 'FXFUX']
['QGXZJ', 'KENPF', 'ZBJTS', 'ZJPJO', 'NHQWU']
['OMYLR', 'VLEXY', 'IBUGB', 'WHRVK', 'CFMPM']
['BBKUO', 'KDZKT', 'PGHQU', 'OZZTI', 'VQAKV']
['QAOAR', 'OSLVS', 'KYKCO', 'RDCTS', 'JWSRE']
['SAVNS', 'QIALM', 'SIGOM', 'RJIED', 'GZQDO']
['THQAC', 'OVYUV', 'BPLLS', 'BGOJW', 'IAMKK']
['OUQMM', 'OTQON', 'YORBA', 'MTCGB', 'TNZEA']
['IZZTZ', 'UHSWZ', 'JEBNF', 'LIQGP', 'BTWAZ']
['QYLAH', 'HSIWG', 'EAEIR', 'ZNMAJ', 'DBIOJ']
['SGRXP', 'ACMPF', 'FCJLJ', 'UZKCN', 'CKFJL']
['VATRQ', 'CIILB', 'UGKUC', 'YQSUZ', 'VWJWK']
['FZRBE', 'XXFSV', 'SPHAJ', 'LPHWP', 'FVYLB']
['QYWKX', 'ZPTPS', 'ALXRH', 'XEEVL', 'YQPNL']
['IRAUO', 'UJHDY', 'RWZXF', 'YWPLR', 'CUUFQ']
['WWYEF', 'ERTVL', 'LSZMU', 'JAFZN', 'GUDYJ']
['UQKOV', 'QCHPG', 'VATKD', 'HAXVF', 'NSTKH']
['SJJMM', 'AWUBI', 'IGAXC', 'ERQBP', 'HXXMK']
['KXMSB', 'DCJPL', 'UHYVL', 'LNIAF', 'DKSJV']
['RMJIF', 'QBZQQ', 'MESKQ', 'HATBR', 'OENWP']
['FSTKF', 'GLIPE', 'SGTRH', 'PLFWC', 'LVBGW']
['LCHJI', 'ONQWA', 'CQBIT', 'FELNZ', 'ECNTU']
['QBVUY', 'EHMWV', 'XGNPD', 'VVCGQ', 'FJPVZ']
['VBRPO', 'PQDFC', 'LIGPC', 'YJCIZ', 'DFVZW']
['ZUTJZ', 'PSZDK', 'EAITX', 'VGCRP', 'GAEKQ']
['ZRVWH', 'TAIVA', 'JQBSO', 'QSVBC', 'TTIDN']
['PKBGA', 'TBZDI', 'HCVBR', 'WAHPX', 'VIPLF']
['AILUZ', 'DVLFX', 'WCFRY', 'KEMJT', 'WUCQA']
['GICKM', 'HKVZW', 'SRUUN', 'ZLQYF', 'TFWCC']
['CKHRK', 'EGIIY', 'FBWOW', 'AHMRO', 'RFWKF']
['QIZOX', 'PSVNQ', 'QVNNO', 'SGXHX', 'XUYPR']
['XBSXA', 'YJPCO', 'OAGEZ', 'ZQDIP', 'BPZOY']
['MWVBQ', 'JCOPI', 'ZYPEK', 'FZBVB', 'TUSMK']
['XAOMD', 'RJDRX', 'BLHOQ', 'KRWXO', 'PXCKJ']
['WDGCR', 'HFDOF', 'NCDJQ', 'IKHTD', 'ETYTK']
['YNIQG', 'XBLXM', 'KQUJH', 'FZQXE', 'SMSHQ']
['PQAHJ', 'UCQZE', 'IAADS', 'WTGUO', 'TYMOI']
['IGUWL', 'SFQST', 'YFRIJ', 'UFVEC', 'GVYUW']
