['Uta', 'Janaya', 'Zandt', 'Plantagenet', 'Scherman', 'Busey', 'Basso', 'Holey', 'Nestor', 'Bounds', 'Hook', 'Pinto', 'Winebaum', 'Avril', 'Sigsmond', 'Girardo', 'Questa', 'Felicie', 'Toh', 'Cutty', 'Schnabel', 'Shelby', 'Karie', 'Fadiman', 'Griffin', 'Myrvyn', 'Rani', 'Cataldo', 'Woodhead', 'Zelma', 'Yerxa', 'Shanly', 'Latimer', 'Anuska', 'Tine']
['Catherin', 'Halstead', 'Jessalin', 'Ubana', 'Pontius', 'Willis', 'Charin', 'Gowrie', 'Enid', 'Epstein', 'Mathur', 'Morville', 'Montagna', 'Nicolis', 'Fabrice', 'Vonni', 'Lynnelle', 'Javler', 'Lamson', 'Alf', 'Sachi', 'Shea', 'Chaddie', 'Saylor', 'Fredkin', 'Oscar', 'Janenna', 'Fausta', 'Delinda', 'Arianna', 'Sosanna', 'Lou', 'Griswold', 'Knute', 'Cavallaro']
['Lotus', 'Ace', 'McCullough', 'Proudfoot', 'Mushro', 'Formenti', 'Moonier', 'Darsie', 'Groos', 'Lyle', 'Sandstrom', 'Alvinia', 'Quitt', 'Shepp', 'Maude', 'Norean', 'Sheeran', 'Stephenson', 'Emmer', 'Krystalle', 'Galligan', 'Won', 'Cherry', 'Henrique', 'Swanhilda', 'Donn', 'Benilda', 'Marina', 'Ultun', 'Carter', 'Costin', 'Starinsky', 'Japeth', 'Foulk', 'Ardys']
['Larson', 'Hong', 'Bhayani', 'Hayyim', 'Pryce', 'Carlick', 'Barsky', 'Ciapas', 'Hermon', 'Colly', 'Dimitry', 'Puklich', 'Mackenzie', 'Hankins', 'Lawler', 'McKinney', 'Saville', 'Yarvis', 'Winer', 'Hamlin', 'Bran', 'Flieger', 'Flemming', 'Eleni', 'Lacy', 'Bello', 'Farro', 'Jason', 'Monahan', 'Hako', 'Cloots', 'Danna', 'Stearns', 'Nanette', 'Sievert']
['Ludovico', 'Raul', 'Blondell', 'Hawger', 'Debera', 'Elmira', 'Celestyn', 'Eilis', 'Hotze', 'Kudva', 'Mansoor', 'Maye', 'Virginia', 'Ashling', 'Jeniece', 'Mitchiner', 'Pappas', 'Dole', 'Ferullo', 'Koetke', 'Danita', 'McClimans', 'Cristoforo', 'Ursola', 'Noyes', 'Paulita', 'Kerwon', 'Melburn', 'Yasu', 'Candyce', 'Balcer', 'Oakes', 'Flo', 'Dare', 'Freddy']
['Fokos', 'Osrick', 'Kanya', 'Adriane', 'Kylah', 'Aviv', 'Ber', 'Beebe', 'Dietrich', 'Saxen', 'Gloriana', 'Acacia', 'Ebneter', 'Chancellor', 'Matthew', 'Carrillo', 'Clea', 'Brazee', 'Kerianne', 'Risteau', 'Grimona', 'Fairfax', 'Emelia', 'Crompton', 'Roanna', 'Gombosi', 'Lamb', 'Wing', 'Perloff', 'Velda', 'Kimon', 'Rombert', 'Davidde', 'Serafine', 'Bernj']
['Converse', 'Sandeep', 'Coh', 'Doroteya', 'Ferro', 'Hatch', 'Marijn', 'Utas', 'Caines', 'Wunder', 'Neveda', 'Ted', 'Rue', 'Verras', 'Kassi', 'Ruyle', 'Brittnee', 'Nance', 'Rocray', 'Coumas', 'Dedric', 'Ashman', 'Willetta', 'Tonya', 'Joed', 'Leiser', 'Akeyla', 'Tristam', 'Malo', 'Dett', 'Damon', 'Dott', 'Janerich', 'Safire', 'Dotson']
['Moyers', 'Mauchi', 'Melda', 'Harland', 'Australia', 'Reste', 'Ruhnke', 'Glenn', 'Dulcea', 'Hardej', 'Demetria', 'Pippo', 'Matthaeus', 'Adaurd', 'Harmony', 'Hudis', 'Wight', 'Birck', 'Odin', 'Eno', 'Favian', 'Emelita', 'Lindell', 'Udell', 'Felise', 'Augustina', 'Rodolphe', 'Adolphus', 'Jehiel', 'Newton', 'Meras', 'Lux', 'Hillel', 'Hadleigh', 'Tarkany']
['Tay', 'Holofernes', 'Ng', 'Hakim', 'Feinstein', 'Biggs', 'Utica', 'Marijo', 'Arel', 'Hillegass', 'Ches', 'Saudra', 'Deni', 'Cicely', 'Zobe', 'Marilou', 'Grath', 'Gwenette', 'Buckler', 'Halimeda', 'Sinnard', 'Dowlen', 'Gunn', 'Vaish', 'Summons', 'Rik', 'Salomi', 'Elburr', 'Elberta', 'Ainslee', 'Tessy', 'Firman', 'Smukler', 'Tennes', 'Meingolda']
['Margeaux', 'Cheria', 'Vevay', 'Erlewine', 'Love', 'Towne', 'Lunetta', 'Kile', 'Polish', 'McCoy', 'Everick', 'Clere', 'Livingston', 'Harriet', 'Tuttle', 'Schreck', 'Worlock', 'Raynor', 'Lentha', 'Thorman', 'Gillian', 'Nisse', 'Fillender', 'Florentia', 'Eldwen', 'Uchida', 'Kronick', 'Blasius', 'Till', 'Minda', 'Minier', 'Ashford', 'Lenhart', 'Nath', 'Tiphane']
['Kinzer', 'Uzzia', 'Melisa', 'Balling', 'Cal', 'Shannah', 'Lombardi', 'Elihu', 'Barnett', 'Cristiona', 'Evangeline', 'Clovah', 'Eudocia', 'Neva', 'Letta', 'Micheal', 'Renick', 'Rhonda', 'Derril', 'Ursi', 'Shelbi', 'Buxton', 'Desi', 'Jestude', 'Fidelio', 'Padget', 'Bui', 'Nessy', 'Mokas', 'Merola', 'Antonetta', 'Chae', 'Groh', 'Barby', 'Edrick']
['Danuloff', 'Jorgenson', 'Placido', 'Leanna', 'Tavy', 'Berneta', 'Woo', 'Ammadis', 'Nannette', 'Ragland', 'Nafis', 'Berner', 'Neille', 'Sumer', 'Volkan', 'Atkins', 'Karlise', 'Wistrup', 'Jenness', 'Balliett', 'Les', 'Danais', 'Karon', 'Midian', 'Holms', 'Dela', 'Bevon', 'Tillford', 'Burkhart', 'Antonino', 'Chemush', 'Jenkel', 'Behlau', 'Jimmy', 'Earlene']
['Nari', 'Turrell', 'Ratcliffe', 'Wendye', 'Beaver', 'Hanway', 'McIntosh', 'Lynett', 'Ebba', 'Crean', 'Astto', 'Derinna', 'Hett', 'Vesta', 'Watson', 'Tutankhamen', 'Delila', 'Fifine', 'Binette', 'Robbin', 'Grochow', 'Larry', 'Vikky', 'Corkhill', 'Baldridge', 'Maribel', 'Katzir', 'Durante', 'Jobyna', 'Bruns', 'Cyd', 'Franek', 'Cardwell', 'Girovard', 'Auroora']
['Clymer', 'Masterson', 'Dumas', 'Fitz', 'Darrow', 'Ginzburg', 'Cerracchio', 'Mikol', 'Yim', 'Leod', 'Jillana', 'Lorilyn', 'Faunia', 'Druce', 'Bluhm', 'Rooke', 'Fast', 'Holton', 'Dearman', 'Jori', 'Ottinger', 'Merth', 'Manaker', 'Gibun', 'Klapp', 'Weirick', 'Prebo', 'Kaufmann', 'Selma', 'Milore', 'Hannover', 'Hittel', 'Lauree', 'Ardehs', 'Fruin']
['Higgs', 'Haldane', 'Prince', 'Gerianne']
[]
[]
[]
[]
['Billy', 'Klute', 'Lenes', 'Agosto', 'Genie', 'Lon']
