['416', '405', '150', '319', '214', '92', '374', '40', '85', '395', '226', '149', '185', '14', '486', '371', '439', '328', '303', '452', '341', '80', '252', '87', '207', '102', '285', '302', '361', '476', '268', '206', '220', '465', '441', '333', '463', '44', '447', '124', '120', '245', '241', '487', '47', '133', '198', '153', '419', '222', '48', '178', '485', '105', '290', '210', '453', '482', '397', '356', '18', '343', '112', '134', '157', '390', '497', '31', '301', '360', '148', '244', '77', '6', '307', '216', '445', '114', '84', '358', '392', '435', '236', '418', '58', '161', '180', '375', '454', '368', '326', '32', '122', '400', '378', '254', '475', '279', '143', '379', '38', '82', '334', '318', '71', '357', '182', '129', '43', '260', '151', '322', '225', '460', '300', '177', '461', '192', '478', '5', '332', '456', '108', '88', '408', '147', '131', '243', '50', '362', '312', '208', '431', '420', '181', '204', '163', '394', '247', '388', '372', '62', '477', '213', '427', '263', '382', '119', '162', '310', '293', '267', '380', '246', '249', '111', '421', '93', '23', '337', '389', '422', '98', '172', '339', '61', '444', '73', '412', '36', '367', '287', '457', '196', '423', '430', '195', '230', '354', '481', '110', '20', '75', '184', '205', '167', '45', '498', '495', '91', '156', '348', '24', '70', '188', '218', '224', '256', '21', '472', '90', '146', '479', '437', '406', '235', '493', '189', '259', '215', '42', '329', '11', '404', '144', '125', '234', '76', '17', '385', '429', '123', '464', '386', '433', '35', '286', '69', '424', '311', '294', '194', '314', '434', '484', '190', '340', '8', '398']
['304', '22', '137', '336', '355', '292', '141', '264', '10', '251', '103', '345', '446', '53', '366', '9', '308', '470', '160', '100', '0', '219', '288', '428', '154', '209', '145', '242', '28', '298', '346', '170', '275', '83', '409', '338', '393', '467', '155', '74', '411', '25', '415', '462', '191', '363', '327', '15', '203', '387', '171', '401', '344', '284', '272', '7', '166', '283', '2', '179', '248', '266', '186', '30', '440', '27', '16', '41', '237', '402', '373', '64', '276', '158', '199', '231', '29', '324', '109', '67', '130', '81', '496', '96', '52', '313', '490', '212', '238', '377', '65', '118', '176', '183', '492', '291', '381', '269', '250', '295', '258', '255', '469', '369', '142', '223', '128', '68', '201', '335', '232', '281', '473', '494', '396', '277', '79', '391', '86', '56', '135', '270', '488', '229', '221', '94', '296', '359', '297', '227', '217', '59', '455', '426', '49', '193', '39', '164', '351', '240', '352', '138', '280', '320', '113', '152', '289', '200', '233', '139', '107', '309', '330', '443', '60', '132', '450', '4', '106', '54', '376', '165', '140', '317', '26', '228', '384', '350', '187', '436', '331', '33', '211', '173', '425', '72', '321', '383', '202', '175', '126', '159', '347', '489', '491', '471', '273', '239', '63', '499', '97']
['34', '370', '414', '261', '197', '78', '305', '442', '99', '410', '3', '316', '89', '353', '95', '438', '271', '364', '37', '480', '57', '66', '468', '101', '458', '448', '136', '325', '116', '449', '262', '51', '432', '13', '451', '407', '168', '278', '169', '417', '466', '253', '483', '104', '413', '257', '117', '115', '19', '474', '174', '265']
['315', '274']
['403']
['127']
['282']
['365']
['342']
['399']
['349']
['306']
['1']
['299']
['46']
['459']
['323']
['55']
['121']
['12']
